Log file open, 02/10/18 15:09:52
LogInit:Display: Running engine for game: Rpg
LogPlatformFile: Not using cached read wrapper
LogInit:Display: RandInit(-1404463022) SRandInit(-1404463022).
LogTaskGraph: Started task graph with 5 named threads and 6 total threads with 1 sets of task threads.
LogStats: Stats thread started at 0.116817
LogInit: Using libcurl 7.47.1
LogInit:  - built for x86_64-pc-win32
LogInit:  - supports SSL with OpenSSL/1.0.2g
LogInit:  - supports HTTP deflate (compression) using libz 1.2.8
LogInit:  - other features:
LogInit:      CURL_VERSION_SSL
LogInit:      CURL_VERSION_LIBZ
LogInit:      CURL_VERSION_IPV6
LogInit:      CURL_VERSION_ASYNCHDNS
LogInit:      CURL_VERSION_LARGEFILE
LogInit:      CURL_VERSION_IDN
LogInit:  CurlRequestOptions (configurable via config and command line):
LogInit:  - bVerifyPeer = false  - Libcurl will NOT verify peer certificate
LogInit:  - bUseHttpProxy = true  - Libcurl will use HTTP proxy
LogInit:  - HttpProxyAddress = '192.168.3.253:8080'
LogInit:  - bDontReuseConnections = false  - Libcurl will reuse connections
LogInit:  - CertBundlePath = nullptr  - Libcurl will use whatever was configured at build time.
LogInit: Build: ++UE4+Release-4.16-CL-3561208
LogInit: Engine Version: 4.16.3-3561208+++UE4+Release-4.16
LogInit: Compatible Engine Version: 4.16.0-3452394+++UE4+Release-4.16
LogInit: Net CL: 3452394
LogDevObjectVersion: Number of dev versions registered: 16
LogDevObjectVersion:   Dev-Blueprints (B0D832E4-1F89-4F0D-ACCF-7EB736FD4AA2): 9
LogDevObjectVersion:   Dev-Build (E1C64328-A22C-4D53-A36C-8E866417BD8C): 0
LogDevObjectVersion:   Dev-Core (375EC13C-06E4-48FB-B500-84F0262A717E): 2
LogDevObjectVersion:   Dev-Editor (E4B068ED-F494-42E9-A231-DA0B2E46BB41): 17
LogDevObjectVersion:   Dev-Framework (CFFC743F-43B0-4480-9391-14DF171D2073): 23
LogDevObjectVersion:   Dev-Mobile (B02B49B5-BB20-44E9-A304-32B752E40360): 0
LogDevObjectVersion:   Dev-Networking (A4E4105C-59A1-49B5-A7C5-40C4547EDFEE): 0
LogDevObjectVersion:   Dev-Online (39C831C9-5AE6-47DC-9A44-9C173E1C8E7C): 0
LogDevObjectVersion:   Dev-Physics (78F01B33-EBEA-4F98-B9B4-84EACCB95AA2): 0
LogDevObjectVersion:   Dev-Platform (6631380F-2D4D-43E0-8009-CF276956A95A): 0
LogDevObjectVersion:   Dev-Rendering (12F88B9F-8875-4AFC-A67C-D90C383ABD29): 15
LogDevObjectVersion:   Dev-Sequencer (7B5AE74C-D270-4C10-A958-57980B212A5A): 4
LogDevObjectVersion:   Dev-VR (D7296918-1DD6-4BDD-9DE2-64A83CC13884): 0
LogDevObjectVersion:   Dev-LoadTimes (C2A15278-BFE7-4AFE-6C17-90FF531DF755): 1
LogDevObjectVersion:   Private-Geometry (6EACA3D4-40EC-4CC1-B786-8BED09428FC5): 1
LogDevObjectVersion:   Dev-AnimPhys (29E575DD-E0A3-4627-9D10-D276232CDCEA): 3
LogInit: Compiled (64-bit): Jul 28 2017 11:49:47
LogInit: Compiled with Visual C++: 19.00.24215.01
LogInit: Build Configuration: Development
LogInit: Branch Name: ++UE4+Release-4.16
LogInit: Command line: -EpicPortal 
LogInit: Base directory: D:/Софт для студии/Unrial_Engine 4/UE_4.16/Engine/Binaries/Win64/
LogInit: Installed Engine Build: 1
LogInit: Presizing for max 8388607 objects, including 0 objects not considered by GC, pre-allocating 0 bytes for permanent pool.
LogInit: Object subsystem initialized
[2018.02.10-12.09.53:209][  0]LogInit: Selected Device Profile: [Windows]
[2018.02.10-12.09.53:209][  0]LogInit: Applying CVar settings loaded from the selected device profile: [Windows]
[2018.02.10-12.09.53:216][  0]LogInit: Computer: CLASS602-10
[2018.02.10-12.09.53:216][  0]LogInit: User: student
[2018.02.10-12.09.53:216][  0]LogInit: CPU Page size=4096, Cores=2
[2018.02.10-12.09.53:216][  0]LogInit: High frequency timer resolution =3.222681 MHz
[2018.02.10-12.09.53:217][  0]LogMemory: Memory total: Physical=11.7GB (12GB approx)
[2018.02.10-12.09.53:217][  0]LogMemory: Platform Memory Stats for Windows
[2018.02.10-12.09.53:217][  0]LogMemory: Process Physical Memory: 269.84 MB used, 269.84 MB peak
[2018.02.10-12.09.53:217][  0]LogMemory: Process Virtual Memory: 258.29 MB used, 258.29 MB peak
[2018.02.10-12.09.53:217][  0]LogMemory: Physical Memory: 3936.89 MB used,  8045.36 MB free, 11982.25 MB total
[2018.02.10-12.09.53:217][  0]LogMemory: Virtual Memory: 616.36 MB used,  8045.36 MB free, 134217728.00 MB total
[2018.02.10-12.09.53:279][  0]LogInit: Using OS detected language (ru-RU).
[2018.02.10-12.09.53:279][  0]LogInit: Using OS detected locale (ru-RU).
[2018.02.10-12.09.53:282][  0]LogTextLocalizationManager: No localization for 'ru-RU' exists, so 'en' will be used for the language.
[2018.02.10-12.09.53:282][  0]LogTextLocalizationManager: No localization for 'ru-RU' exists, so 'en' will be used for the locale.
[2018.02.10-12.09.54:334][  0]LogD3D11RHI: D3D11 adapters:
[2018.02.10-12.09.54:339][  0]LogD3D11RHI:    0. 'Intel(R) HD Graphics' (Feature Level 11_0)
[2018.02.10-12.09.54:339][  0]LogD3D11RHI:       224/0/1568 MB DedicatedVideo/DedicatedSystem/SharedSystem, Outputs:1, VendorId:0x8086
[2018.02.10-12.09.54:340][  0]LogD3D11RHI:    1. 'Microsoft Basic Render Driver' (Feature Level 11_0)
[2018.02.10-12.09.54:340][  0]LogD3D11RHI:       0/0/256 MB DedicatedVideo/DedicatedSystem/SharedSystem, Outputs:0, VendorId:0x1414
[2018.02.10-12.09.54:340][  0]LogD3D11RHI: Chosen D3D11 Adapter: 0
[2018.02.10-12.09.54:344][  0]LogD3D11RHI: Creating new Direct3DDevice
[2018.02.10-12.09.54:344][  0]LogD3D11RHI:     GPU DeviceId: 0x152 (for the marketing name, search the web for "GPU Device Id")
[2018.02.10-12.09.54:344][  0]LogWindows: EnumDisplayDevices:
[2018.02.10-12.09.54:344][  0]LogWindows:    0. 'Intel(R) HD Graphics' (P:1 D:1)
[2018.02.10-12.09.54:345][  0]LogWindows:    1. 'Intel(R) HD Graphics' (P:0 D:0)
[2018.02.10-12.09.54:345][  0]LogWindows: DebugString: FoundDriverCount:2 
[2018.02.10-12.09.54:345][  0]LogD3D11RHI:     Adapter Name: Intel(R) HD Graphics
[2018.02.10-12.09.54:345][  0]LogD3D11RHI:   Driver Version: 10.18.10.4276 (internal:10.18.10.4276, unified:10.18.10.4276)
[2018.02.10-12.09.54:345][  0]LogD3D11RHI:      Driver Date: 8-17-2015
[2018.02.10-12.09.54:345][  0]LogRHI: Texture pool is 705 MB (70% of 1008 MB)
[2018.02.10-12.09.54:348][  0]LogD3D11RHI: Async texture creation enabled
[2018.02.10-12.09.54:353][  0]LogD3D11RHI: GPU Timing Frequency: 12.500000 (Debug: 2 0)
[2018.02.10-12.09.54:354][  0]LogShaderCompilers: Guid format shader working directory is 17 characters bigger than the processId version (../../../../../../rep/SVANS/Rpg/Intermediate/Shaders/WorkingDirectory/4808/).
[2018.02.10-12.09.54:354][  0]LogShaderCompilers: Cleaned the shader compiler working directory 'C:/Users/student/AppData/Local/Temp/UnrealShaderWorkingDir/CDA5E4694F0E0E651FA5DD8D78804B3E/'.
[2018.02.10-12.09.54:354][  0]LogShaderCompilers:Display: Using Local Shader Compiler.
[2018.02.10-12.09.55:621][  0]LogTemp:Display: Loaded TP AllDesktopTargetPlatform
[2018.02.10-12.09.55:668][  0]LogTemp:Display: Loaded TP MacClientTargetPlatform
[2018.02.10-12.09.55:717][  0]LogTemp:Display: Loaded TP MacNoEditorTargetPlatform
[2018.02.10-12.09.55:764][  0]LogTemp:Display: Loaded TP MacServerTargetPlatform
[2018.02.10-12.09.55:815][  0]LogTemp:Display: Loaded TP MacTargetPlatform
[2018.02.10-12.09.55:864][  0]LogTemp:Display: Loaded TP WindowsClientTargetPlatform
[2018.02.10-12.09.55:911][  0]LogTemp:Display: Loaded TP WindowsNoEditorTargetPlatform
[2018.02.10-12.09.55:960][  0]LogTemp:Display: Loaded TP WindowsServerTargetPlatform
[2018.02.10-12.09.56:000][  0]LogTemp:Display: Loaded TP WindowsTargetPlatform
[2018.02.10-12.09.56:049][  0]LogTemp:Display: Loaded TP AndroidTargetPlatform
[2018.02.10-12.09.56:097][  0]LogTemp:Display: Loaded TP Android_ASTCTargetPlatform
[2018.02.10-12.09.56:145][  0]LogTemp:Display: Loaded TP Android_ATCTargetPlatform
[2018.02.10-12.09.56:192][  0]LogTemp:Display: Loaded TP Android_DXTTargetPlatform
[2018.02.10-12.09.56:239][  0]LogTemp:Display: Loaded TP Android_ETC1TargetPlatform
[2018.02.10-12.09.56:289][  0]LogTemp:Display: Loaded TP Android_ETC2TargetPlatform
[2018.02.10-12.09.56:383][  0]LogTemp:Display: Loaded TP Android_MultiTargetPlatform
[2018.02.10-12.09.56:383][  0]LogTemp:Display: Loaded TP Android_PVRTCTargetPlatform
[2018.02.10-12.09.56:420][  0]LogTemp:Display: Loaded TP HTML5TargetPlatform
[2018.02.10-12.09.56:508][  0]LogTemp:Display: Loaded TP IOSTargetPlatform
[2018.02.10-12.09.56:536][  0]LogTemp:Display: Loaded TP TVOSTargetPlatform
[2018.02.10-12.09.56:588][  0]LogTemp:Display: Loaded TP LinuxClientTargetPlatform
[2018.02.10-12.09.56:634][  0]LogTemp:Display: Loaded TP LinuxNoEditorTargetPlatform
[2018.02.10-12.09.56:683][  0]LogTemp:Display: Loaded TP LinuxServerTargetPlatform
[2018.02.10-12.09.56:730][  0]LogTemp:Display: Loaded TP LinuxTargetPlatform
[2018.02.10-12.09.56:731][  0]LogTargetPlatformManager:Display: Building Assets For Windows
[2018.02.10-12.09.57:153][  0]LogDerivedDataCache:Display: Max Cache Size: 512 MB
[2018.02.10-12.09.57:276][  0]LogDerivedDataCache: Loaded boot cache 0.12s 90MB C:/Users/student/AppData/Local/UnrealEngine/4.16/DerivedDataCache/Boot.ddc.
[2018.02.10-12.09.57:277][  0]LogDerivedDataCache:Display: Loaded Boot cache: C:/Users/student/AppData/Local/UnrealEngine/4.16/DerivedDataCache/Boot.ddc
[2018.02.10-12.09.57:277][  0]LogDerivedDataCache: FDerivedDataBackendGraph:  Pak pak cache file ../../../../../../rep/SVANS/Rpg/DerivedDataCache/DDC.ddp not found, will not use a pak cache.
[2018.02.10-12.09.57:277][  0]LogDerivedDataCache: Unable to find inner node Pak for hierarchical cache Hierarchy.
[2018.02.10-12.09.57:277][  0]LogDerivedDataCache: FDerivedDataBackendGraph:  CompressedPak pak cache file ../../../../../../rep/SVANS/Rpg/DerivedDataCache/Compressed.ddp not found, will not use a pak cache.
[2018.02.10-12.09.57:277][  0]LogDerivedDataCache: Unable to find inner node CompressedPak for hierarchical cache Hierarchy.
[2018.02.10-12.09.57:299][  0]LogDerivedDataCache:Display: Pak cache opened for reading ../../../Engine/DerivedDataCache/Compressed.ddp.
[2018.02.10-12.09.57:313][  0]LogDerivedDataCache: Using Local data cache path C:/Users/student/AppData/Local/UnrealEngine/Common/DerivedDataCache: Writable
[2018.02.10-12.09.57:325][  0]LogMaterial: Verifying Global Shaders for PCD3D_SM5
[2018.02.10-12.09.57:326][  0]LogSlate: Using Freetype 2.6.0
[2018.02.10-12.09.57:326][  0]LogSlate: SlateFontCache - WITH_FREETYPE: 1, WITH_HARFBUZZ: 1
[2018.02.10-12.09.57:326][  0]LogSlate: SlateFontCache - WITH_FREETYPE: 1, WITH_HARFBUZZ: 1
[2018.02.10-12.09.57:726][  0]LogInit: Selected Device Profile: [Windows]
[2018.02.10-12.09.57:855][  0]LogContentStreaming: Texture pool size is 0.00 MB
[2018.02.10-12.09.58:025][  0]LogMeshUtilities: Using QuadricMeshReduction for automatic static mesh reduction
[2018.02.10-12.09.58:065][  0]LogSimplygon: Simplygon DLL not present - disabling.
[2018.02.10-12.09.58:108][  0]LogMeshUtilities: Using SimplygonSwarm for distributed automatic mesh merging
[2018.02.10-12.09.58:108][  0]LogMeshUtilities: No automatic skeletal mesh reduction module available
[2018.02.10-12.09.58:108][  0]LogMeshUtilities: No automatic mesh merging module available
[2018.02.10-12.09.58:774][  0]LogNetVersion: Rpg , NetCL: 3452394, EngineNetVer: 2, GameNetVer: 0 (Checksum: 2515200283)
[2018.02.10-12.09.58:837][  0]LogAssetRegistry: FAssetRegistry took 0.0266 seconds to start up
[2018.02.10-12.09.58:876][  0]LogPackageLocalizationCache: Processed 4 localized package path(s) for 1 prioritized culture(s) in 0.021808 seconds
[2018.02.10-12.09.58:884][  0]LogUObjectArray: 34194 objects as part of root set at end of initial load.
[2018.02.10-12.09.58:884][  0]LogUObjectAllocator: 7260424 out of 0 bytes used by permanent object pool.
[2018.02.10-12.09.58:884][  0]LogUObjectArray: CloseDisregardForGC: 0/0 objects in disregard for GC pool
[2018.02.10-12.09.58:939][  0]LogInit: WinSock: version 1.1 (2.2), MaxSocks=32767, MaxUdp=65467
[2018.02.10-12.10.01:442][  0]LogTcpMessaging: Initializing TcpMessaging bridge
[2018.02.10-12.10.01:488][  0]LogUdpMessaging: Initializing bridge on interface 0.0.0.0:0 to multicast group 230.0.0.1:6666.
[2018.02.10-12.10.01:990][  0]LogMaterial: Uniform references updated for custom material expression Custom.
[2018.02.10-12.10.02:379][  0]SourceControl: Info Source control is disabled
[2018.02.10-12.10.02:419][  0]SourceControl: Info Source control is disabled
[2018.02.10-12.10.02:464][  0]SourceControl: Info Source control is disabled
[2018.02.10-12.10.02:508][  0]SourceControl: Info Source control is disabled
[2018.02.10-12.10.03:128][  0]LogAndroidPermission: UAndroidPermissionCallbackProxy::GetInstance
[2018.02.10-12.10.03:682][  0]LogEngine: Initializing Engine...
[2018.02.10-12.10.03:683][  0]LogHMD: Failed to initialize OpenVR with code 110
[2018.02.10-12.10.03:952][  0]LogStats: UGameplayTagsManager::ConstructGameplayTagTree: Construct from data asset -  0.000 s
[2018.02.10-12.10.03:952][  0]LogStats: UGameplayTagsManager::ConstructGameplayTagTree: GameplayTagTreeChangedEvent.Broadcast -  0.000 s
[2018.02.10-12.10.04:151][  0]LogAIModule: Creating AISystem for world Untitled
[2018.02.10-12.10.04:155][  0]LogInit: No audio devices found!
[2018.02.10-12.10.04:222][  0]LogDerivedDataCache: Saved boot cache 0.07s 90MB C:/Users/student/AppData/Local/UnrealEngine/4.16/DerivedDataCache/Boot.ddc.
[2018.02.10-12.10.04:241][  0]LogInit: Texture streaming: Enabled
[2018.02.10-12.10.04:329][  0]LogEngineSessionManager: EngineSessionManager initialized
[2018.02.10-12.10.04:531][  0]LogInit: Transaction tracking system initialized
[2018.02.10-12.10.04:819][  0]BlueprintLog: New page: Editor Load
[2018.02.10-12.10.05:609][  0]LogInit:Warning: CVar named 'r.MobileHDR' marked up in RendererSettings was not found or is set to read-only
[2018.02.10-12.10.05:928][  0]LocalizationService: Info Localization service is disabled
[2018.02.10-12.10.06:567][  0]LogConsoleResponse:Display: 
[2018.02.10-12.10.06:745][  0]LogFileCache: Scanning file cache for directory 'D:/rep/SVANS/Rpg/Content/' took 0.01s
[2018.02.10-12.10.06:745][  0]LogCook:Display: Max memory allowance for cook 16384mb min free memory 0mb
[2018.02.10-12.10.06:745][  0]LogCook:Display: Mobile HDR setting 0
[2018.02.10-12.10.07:683][  0]SourceControl: Info Source control is disabled
[2018.02.10-12.10.07:683][  0]Cmd: MAP LOAD FILE="../../../Engine/Content/Maps/Templates/Template_Default.umap" TEMPLATE=1 SHOWPROGRESS=1 FEATURELEVEL=3
[2018.02.10-12.10.07:684][  0]LightingResults: New page: Lighting Build
[2018.02.10-12.10.07:720][  0]MapCheck: New page: Map Check
[2018.02.10-12.10.07:720][  0]LightingResults: New page: Lighting Build
[2018.02.10-12.10.08:000][  0]LogAIModule: Creating AISystem for world Untitled_1
[2018.02.10-12.10.08:001][  0]LogActorComponent: RegisterComponentWithWorld: (/Temp/Untitled_1.Untitled_1:PersistentLevel.WorldSettings_1.StaticMeshComponent0) Trying to register component with IsPendingKill() == true. Aborting.
[2018.02.10-12.10.08:006][  0]LogEditorServer: Finished looking for orphan Actors (0.000 secs)
[2018.02.10-12.10.08:041][  0]Cmd: MAP CHECKDEP NOCLEARLOG
[2018.02.10-12.10.08:085][  0]MapCheck: Info Map check complete: 0 Error(s), 0 Warning(s), took 43.899ms to complete.
[2018.02.10-12.10.08:085][  0]LogFileHelpers: Loading map 'Template_Default' took 0.402
[2018.02.10-12.10.08:137][  0]LogWindowsTextInputMethodSystem:Display: IME system now deactivated.
[2018.02.10-12.10.08:331][  0]LogCollectionManager: Loaded 0 collections in 0.001337 seconds
[2018.02.10-12.10.08:430][  0]LogFileCache: Scanning file cache for directory 'D:/rep/SVANS/Rpg/Saved/Collections/' took 0.01s
[2018.02.10-12.10.08:430][  0]LogFileCache: Scanning file cache for directory 'D:/rep/SVANS/Rpg/Content/Developers/student/Collections/' took 0.01s
[2018.02.10-12.10.08:430][  0]LogFileCache: Scanning file cache for directory 'D:/rep/SVANS/Rpg/Content/Collections/' took 0.01s
[2018.02.10-12.10.08:430][  0]LogCollectionManager: Rebuilt the GUID cache for 0 collections in 0.000003 seconds
[2018.02.10-12.10.08:455][  0]LogContentBrowser: Native class hierarchy populated in 0.0243 seconds. Added 2329 classes and 491 folders.
[2018.02.10-12.10.08:560][  0]LogContentBrowser: Native class hierarchy updated for 'WidgetCarousel' in 0.0007 seconds. Added 0 classes and 0 folders.
[2018.02.10-12.10.09:230][  0]LogContentBrowser: Native class hierarchy updated for 'AddContentDialog' in 0.0007 seconds. Added 0 classes and 0 folders.
[2018.02.10-12.10.09:404][  0]LogContentBrowser: Native class hierarchy updated for 'SceneOutliner' in 0.0009 seconds. Added 1 classes and 2 folders.
[2018.02.10-12.10.09:448][  0]LogCrashTracker: Crashtracker disabled due to settings.
[2018.02.10-12.10.09:452][  0]LogSlate: Took 0.000202 seconds to synchronously load lazily loaded font '../../../Engine/Content/Slate/Fonts/Roboto-Regular.ttf' (155K)
[2018.02.10-12.10.09:454][  0]LogSlate: Took 0.000212 seconds to synchronously load lazily loaded font '../../../Engine/Content/Slate/Fonts/Roboto-Bold.ttf' (160K)
[2018.02.10-12.10.09:470][  0]LogSlate: Took 0.008765 seconds to synchronously load lazily loaded font '../../../Engine/Content/Editor/Slate/Fonts/FontAwesome.ttf' (139K)
[2018.02.10-12.10.09:606][  0]LogRenderer: Reallocating scene render targets to support 804x540 NumSamples 1 (Frame:1).
[2018.02.10-12.10.10:422][  0]LogContentBrowser: Native class hierarchy updated for 'HierarchicalLODOutliner' in 0.0009 seconds. Added 1 classes and 2 folders.
[2018.02.10-12.10.10:423][  0]LogLoad: (Engine Initialization) Total time: 18.61 seconds
[2018.02.10-12.10.10:423][  0]LogLoad: (Engine Initialization) Total Blueprint compile time: 0.10 seconds
[2018.02.10-12.10.10:423][  0]LogExternalProfiler: No external profilers were discovered.  External profiling features will not be available.
[2018.02.10-12.10.10:432][  0]LogOcInput: OculusInput pre-init called
[2018.02.10-12.10.10:432][  0]LogHMD: Starting GearVRController plugin
[2018.02.10-12.10.10:461][  0]LogContentStreaming: Texture pool size now 1000 MB
[2018.02.10-12.10.10:514][  1]LogAssetRegistry: Asset discovery search completed in 11.6994 seconds
[2018.02.10-12.10.10:516][  1]LogCollectionManager: Rebuilt the object cache for 0 collections in 0.000001 seconds (found 0 objects)
[2018.02.10-12.10.10:516][  1]LogCollectionManager: Fixed up redirectors for 0 collections in 0.000051 seconds (updated 0 objects)
[2018.02.10-12.10.59:255][849]SourceControl: Info On branch SVANS
[2018.02.10-12.10.59:255][849]SourceControl: Info Your branch is up-to-date with 'origin/SVANS'.
[2018.02.10-12.10.59:255][849]SourceControl: Info Untracked files:
[2018.02.10-12.10.59:255][849]SourceControl: Info   (use "git add <file>..." to include in what will be committed)
[2018.02.10-12.10.59:255][849]SourceControl: Info 	Rpg/
[2018.02.10-12.10.59:255][849]SourceControl: Info nothing added to commit but untracked files present (use "git add" to track)
[2018.02.10-12.11.06:259][ 55]SourceControl: Info fatal: D:/Софт для студии/Unrial_Engine 4/UE_4.16/Engine/Content/: 'D:/Софт для студии/Unrial_Engine 4/UE_4.16/Engine/Content/' is outside repository
[2018.02.10-12.11.06:339][ 55]LogPackageName:Error: Illegal call to DoesPackageExist: '../../../../../../rep/SVANS/Rpg/Rpg.uproject' is not a standard unreal filename or a long path name. Reason: Path should be no less than 4 characters long.
[2018.02.10-12.11.06:454][ 55]LogStats: FPlatformStackWalk::StackWalkAndDump -  0.115 s
[2018.02.10-12.11.06:454][ 55]LogOutputDevice:Error: === Handled ensure: ===
[2018.02.10-12.11.06:454][ 55]LogOutputDevice:Error: 
[2018.02.10-12.11.06:454][ 55]LogOutputDevice:Error: Ensure condition failed: false [File:D:\Build\++UE4+Release-4.16+Compile\Sync\Engine\Source\Runtime\CoreUObject\Private\Misc\PackageName.cpp] [Line: 674]
[2018.02.10-12.11.06:454][ 55]LogOutputDevice:Error: Illegal call to DoesPackageExist: '../../../../../../rep/SVANS/Rpg/Rpg.uproject' is not a standard unreal filename or a long path name. Reason: Path should be no less than 4 characters long.
[2018.02.10-12.11.06:454][ 55]LogOutputDevice:Error: Stack: 
[2018.02.10-12.11.06:454][ 55]LogOutputDevice:Error: UE4Editor-Core.dll!0x0000000029DDE2B6
[2018.02.10-12.11.06:454][ 55]LogOutputDevice:Error: UE4Editor-Core.dll!0x0000000029B8B8C2
[2018.02.10-12.11.06:454][ 55]LogOutputDevice:Error: UE4Editor-Core.dll!0x0000000029BA1E86
[2018.02.10-12.11.06:454][ 55]LogOutputDevice:Error: UE4Editor-CoreUObject.dll!0x000000002EB5E884
[2018.02.10-12.11.06:454][ 55]LogOutputDevice:Error: UE4Editor-SourceControl.dll!0x0000000020925EC2
[2018.02.10-12.11.06:454][ 55]LogOutputDevice:Error: UE4Editor-SourceControl.dll!0x0000000020926057
[2018.02.10-12.11.06:454][ 55]LogOutputDevice:Error: UE4Editor-SourceControlWindows.dll!0x000000001683390E
[2018.02.10-12.11.06:454][ 55]LogOutputDevice:Error: UE4Editor-SourceControlWindows.dll!0x00000000167F03C5
[2018.02.10-12.11.06:454][ 55]LogOutputDevice:Error: UE4Editor-SourceControlWindows.dll!0x00000000167EF99D
[2018.02.10-12.11.06:454][ 55]LogOutputDevice:Error: UE4Editor-SourceControlWindows.dll!0x0000000016804114
[2018.02.10-12.11.06:454][ 55]LogOutputDevice:Error: UE4Editor-GitSourceControl.dll!0x0000000014C00549
[2018.02.10-12.11.06:454][ 55]LogOutputDevice:Error: UE4Editor-SourceControl.dll!0x000000002092A9AC
[2018.02.10-12.11.06:454][ 55]LogOutputDevice:Error: UE4Editor-UnrealEd.dll!0x00000000249D408F
[2018.02.10-12.11.06:455][ 55]LogOutputDevice:Error: UE4Editor-UnrealEd.dll!0x00000000251F8D86
[2018.02.10-12.11.06:455][ 55]LogOutputDevice:Error: UE4Editor.exe!0x0000000098B7E2B2
[2018.02.10-12.11.06:455][ 55]LogOutputDevice:Error: UE4Editor.exe!0x0000000098B6F0B0
[2018.02.10-12.11.06:455][ 55]LogOutputDevice:Error: UE4Editor.exe!0x0000000098B6F12A
[2018.02.10-12.11.06:455][ 55]LogOutputDevice:Error: UE4Editor.exe!0x0000000098B80CF9
[2018.02.10-12.11.06:455][ 55]LogOutputDevice:Error: UE4Editor.exe!0x0000000098B825F7
[2018.02.10-12.11.06:455][ 55]LogOutputDevice:Error: KERNEL32.DLL!0x00000000574713D2
[2018.02.10-12.11.06:455][ 55]LogOutputDevice:Error: ntdll.dll!0x0000000058FC54E4
[2018.02.10-12.11.06:455][ 55]LogOutputDevice:Error: 
[2018.02.10-12.11.06:459][ 55]LogStats:                SubmitErrorReport -  0.000 s
[2018.02.10-12.11.07:244][ 55]LogStats:                    SendNewReport -  0.786 s
[2018.02.10-12.11.07:244][ 55]LogStats:             FDebug::EnsureFailed -  0.906 s
[2018.02.10-12.13.20:235][240]LogActorFactory: Actor Factory created Cube
[2018.02.10-12.13.21:440][255]LogActorFactory: Actor Factory created Cube
[2018.02.10-12.13.21:590][257]SourceControl:Error: Error fatal: Invalid path '/Temp': No such file or directory
[2018.02.10-12.13.42:890][805]LogContentStreaming: Texture pool size now 600 MB
[2018.02.10-12.13.42:928][807]LogRenderer: Reallocating scene render targets to support 804x540 NumSamples 1 (Frame:525).
[2018.02.10-12.13.44:211][856]LogEditorViewport: Clicking on Actor (LMB): StaticMeshActor (Floor)
[2018.02.10-12.13.45:116][867]LogEditorViewport: Clicking on Actor (LMB): StaticMeshActor (Cube)
[2018.02.10-12.13.54:620][138]LogRenderer: Reallocating scene render targets to support 804x540 NumSamples 1 (Frame:617).
[2018.02.10-12.13.54:750][141]LogContentStreaming: Texture pool size now 400 MB
[2018.02.10-12.13.55:718][180]LogEditorViewport: Clicking on Actor (LMB): StaticMeshActor (Floor)
[2018.02.10-12.13.56:512][191]LogEditorViewport: Clicking on Actor (LMB): StaticMeshActor (Cube)
[2018.02.10-12.14.03:170][340]SourceControl: Info fatal: D:/Софт для студии/Unrial_Engine 4/UE_4.16/Engine/Content/: 'D:/Софт для студии/Unrial_Engine 4/UE_4.16/Engine/Content/' is outside repository
[2018.02.10-12.14.03:242][340]LogPackageName:Error: Illegal call to DoesPackageExist: '../../../../../../rep/SVANS/Rpg/Rpg.uproject' is not a standard unreal filename or a long path name. Reason: Path should be no less than 4 characters long.
[2018.02.10-12.15.19:065][340]LogWindowsTextInputMethodSystem:Display: IME system now deactivated.
[2018.02.10-12.15.19:065][340]LogWindowsTextInputMethodSystem:Display: IME system now deactivated.
[2018.02.10-12.15.38:604][808]SourceControl:Error: Error fatal: Invalid path '/Temp': No such file or directory
[2018.02.10-12.16.23:403][808]LogSlate: Took 0.000213 seconds to synchronously load lazily loaded font '../../../Engine/Content/Slate/Fonts/Roboto-Light.ttf' (159K)
[2018.02.10-12.16.24:143][808]Cmd: OBJ SAVEPACKAGE PACKAGE="/Game/NewMap" FILE="../../../../../../rep/SVANS/Rpg/Content/NewMap.umap" SILENT=true AUTOSAVING=false KEEPDIRTY=false
[2018.02.10-12.16.24:207][808]LogSavePackage: Save=34.93ms
[2018.02.10-12.16.24:207][808]LogSavePackage: Moving '../../../../../../rep/SVANS/Rpg/Saved/NewMap60FFBCDB440D11B39AEC88AB915DF071.tmp' to '../../../../../../rep/SVANS/Rpg/Content/NewMap.umap'
[2018.02.10-12.16.24:240][808]LogSavePackage:Display: Finished SavePackage ../../../../../../rep/SVANS/Rpg/Content/NewMap.umap
[2018.02.10-12.16.24:412][808]LogFileHelpers: Saving map 'NewMap' took 1.075
[2018.02.10-12.16.24:456][810]LogSlate: Took 0.000224 seconds to synchronously load lazily loaded font '../../../Engine/Content/Slate/Fonts/Roboto-Light.ttf' (159K)
[2018.02.10-12.16.24:569][813]SourceControl:Error: Error fatal: Invalid path '/Temp': No such file or directory
[2018.02.10-12.16.27:327][895]SourceControl: Info fatal: D:/Софт для студии/Unrial_Engine 4/UE_4.16/Engine/Content/: 'D:/Софт для студии/Unrial_Engine 4/UE_4.16/Engine/Content/' is outside repository
[2018.02.10-12.16.27:400][895]LogPackageName:Error: Illegal call to DoesPackageExist: '../../../../../../rep/SVANS/Rpg/Rpg.uproject' is not a standard unreal filename or a long path name. Reason: Path should be no less than 4 characters long.
[2018.02.10-12.16.40:992][895]LogWindowsTextInputMethodSystem:Display: IME system now deactivated.
[2018.02.10-12.16.40:992][895]LogWindowsTextInputMethodSystem:Display: IME system now deactivated.
[2018.02.10-12.16.46:718][895]LogSourceControl: FGitCheckInWorker: commit successful
[2018.02.10-12.16.46:805][895]SourceControl: Info [SVANS bc54aae] commit
[2018.02.10-12.16.46:805][895]SourceControl: Info  Committer: Студент <student@classvivt.loc>
[2018.02.10-12.16.46:805][895]SourceControl: Info Your name and email address were configured automatically based
[2018.02.10-12.16.46:805][895]SourceControl: Info on your username and hostname. Please check that they are accurate.
[2018.02.10-12.16.46:805][895]SourceControl: Info You can suppress this message by setting them explicitly. Run the
[2018.02.10-12.16.46:805][895]SourceControl: Info following command and follow the instructions in your editor to edit
[2018.02.10-12.16.46:805][895]SourceControl: Info your configuration file:
[2018.02.10-12.16.46:805][895]SourceControl: Info     git config --global --edit
[2018.02.10-12.16.46:805][895]SourceControl: Info After doing this, you may fix the identity used for this commit with:
[2018.02.10-12.16.46:805][895]SourceControl: Info     git commit --amend --reset-author
[2018.02.10-12.16.46:805][895]SourceControl: Info  2 files changed, 6 insertions(+)
[2018.02.10-12.16.46:805][895]SourceControl: Info  create mode 100644 Rpg/Content/NewMap.umap
[2018.02.10-12.16.46:805][895]SourceControl: Info  create mode 100644 Rpg/Rpg.uproject
[2018.02.10-12.16.46:808][895]SourceControl: Info Commited [SVANS bc54aae] commit.
[2018.02.10-12.18.01:317][652]SourceControl: Info fatal: D:/Софт для студии/Unrial_Engine 4/UE_4.16/Engine/Content/: 'D:/Софт для студии/Unrial_Engine 4/UE_4.16/Engine/Content/' is outside repository
[2018.02.10-12.18.01:390][652]EditorErrors:Warning: Warning No assets to check in!
[2018.02.10-12.19.43:843][156]SourceControl: Info fatal: D:/Софт для студии/Unrial_Engine 4/UE_4.16/Engine/Content/: 'D:/Софт для студии/Unrial_Engine 4/UE_4.16/Engine/Content/' is outside repository
[2018.02.10-12.19.43:914][156]EditorErrors:Warning: Warning No assets to check in!
[2018.02.10-12.19.46:589][248]LogWindowsTextInputMethodSystem:Display: IME system now deactivated.
[2018.02.10-12.19.46:754][249]Cmd: QUIT_EDITOR
[2018.02.10-12.19.46:774][249]LogExit: Preparing to exit.
[2018.02.10-12.19.46:974][249]LogDirectoryWatcher: A directory notification for 'D:/rep/SVANS/Rpg/Content/' was aborted.
[2018.02.10-12.19.46:987][249]LogExit: Editor shut down
[2018.02.10-12.19.46:993][249]LogExit: Transaction tracking system shut down
[2018.02.10-12.19.47:068][249]LogObj: Freed 0b from 0 cluster array pools.
[2018.02.10-12.19.47:068][249]LogExit: Object subsystem successfully closed.
[2018.02.10-12.19.47:086][249]LogD3D11RHI: Shutdown
[2018.02.10-12.19.47:086][249]LogD3D11RHI: CleanupD3DDevice
[2018.02.10-12.19.47:163][249]LogD3D11RHI: ~FD3D11DynamicRHI
[2018.02.10-12.19.47:177][249]LogModuleManager: Shutting down and abandoning module HierarchicalLODOutliner (524)
[2018.02.10-12.19.47:177][249]LogModuleManager: Shutting down and abandoning module CrashTracker (522)
[2018.02.10-12.19.47:177][249]LogModuleManager: Shutting down and abandoning module SceneOutliner (520)
[2018.02.10-12.19.47:177][249]LogModuleManager: Shutting down and abandoning module AddContentDialog (518)
[2018.02.10-12.19.47:178][249]LogDirectoryWatcher: A directory notification for 'D:/Софт для студии/Unrial_Engine 4/UE_4.16/FeaturePacks/' was aborted.
[2018.02.10-12.19.47:179][249]LogModuleManager: Shutting down and abandoning module WidgetCarousel (517)
[2018.02.10-12.19.47:179][249]LogModuleManager: Shutting down and abandoning module EditorWidgets (514)
[2018.02.10-12.19.47:179][249]LogModuleManager: Shutting down and abandoning module CollectionManager (512)
[2018.02.10-12.19.47:179][249]LogDirectoryWatcher: A directory notification for 'D:/rep/SVANS/Rpg/Content/Collections/' was aborted.
[2018.02.10-12.19.47:179][249]LogDirectoryWatcher: A directory notification for 'D:/rep/SVANS/Rpg/Content/Developers/student/Collections/' was aborted.
[2018.02.10-12.19.47:179][249]LogDirectoryWatcher: A directory notification for 'D:/rep/SVANS/Rpg/Saved/Collections/' was aborted.
[2018.02.10-12.19.47:179][249]LogModuleManager: Shutting down and abandoning module StatsViewer (510)
[2018.02.10-12.19.47:179][249]LogModuleManager: Shutting down and abandoning module FoliageEdit (508)
[2018.02.10-12.19.47:179][249]LogModuleManager: Shutting down and abandoning module LandscapeEditor (506)
[2018.02.10-12.19.47:179][249]LogModuleManager: Shutting down and abandoning module MeshPaintMode (504)
[2018.02.10-12.19.47:179][249]LogModuleManager: Shutting down and abandoning module SceneDepthPickerMode (502)
[2018.02.10-12.19.47:179][249]LogModuleManager: Shutting down and abandoning module ActorPickerMode (500)
[2018.02.10-12.19.47:179][249]LogModuleManager: Shutting down and abandoning module GeometryMode (498)
[2018.02.10-12.19.47:179][249]LogModuleManager: Shutting down and abandoning module TextureAlignMode (496)
[2018.02.10-12.19.47:179][249]LogModuleManager: Shutting down and abandoning module BspMode (494)
[2018.02.10-12.19.47:179][249]LogModuleManager: Shutting down and abandoning module HardwareSurvey (492)
[2018.02.10-12.19.47:179][249]LogModuleManager: Shutting down and abandoning module SequenceRecorderSections (490)
[2018.02.10-12.19.47:179][249]LogModuleManager: Shutting down and abandoning module AutomationWorker (488)
[2018.02.10-12.19.47:180][249]LogModuleManager: Shutting down and abandoning module MatineeToLevelSequence (486)
[2018.02.10-12.19.47:180][249]LogModuleManager: Shutting down and abandoning module LevelSequenceEditor (484)
[2018.02.10-12.19.47:180][249]LogModuleManager: Shutting down and abandoning module PlacementMode (483)
[2018.02.10-12.19.47:180][249]LogModuleManager: Shutting down and abandoning module WmfMediaFactory (480)
[2018.02.10-12.19.47:180][249]LogModuleManager: Shutting down and abandoning module WmfMediaEditor (478)
[2018.02.10-12.19.47:180][249]LogModuleManager: Shutting down and abandoning module AvfMediaFactory (476)
[2018.02.10-12.19.47:180][249]LogModuleManager: Shutting down and abandoning module AvfMediaEditor (474)
[2018.02.10-12.19.47:180][249]LogModuleManager: Shutting down and abandoning module AndroidMediaFactory (472)
[2018.02.10-12.19.47:180][249]LogModuleManager: Shutting down and abandoning module Media (471)
[2018.02.10-12.19.47:180][249]LogModuleManager: Shutting down and abandoning module AndroidMediaEditor (468)
[2018.02.10-12.19.47:180][249]LogModuleManager: Shutting down and abandoning module CharacterAI (466)
[2018.02.10-12.19.47:180][249]LogModuleManager: Shutting down and abandoning module AudioCapture (464)
[2018.02.10-12.19.47:180][249]LogModuleManager: Shutting down and abandoning module SequenceRecorder (463)
[2018.02.10-12.19.47:180][249]LogModuleManager: Shutting down and abandoning module SmartSnapping (460)
[2018.02.10-12.19.47:180][249]LogModuleManager: Shutting down and abandoning module SessionServices (458)
[2018.02.10-12.19.47:180][249]LogModuleManager: Shutting down and abandoning module ViewportSnapping (456)
[2018.02.10-12.19.47:180][249]LogModuleManager: Shutting down and abandoning module ViewportInteraction (454)
[2018.02.10-12.19.47:180][249]LogModuleManager: Shutting down and abandoning module ClothPainter (452)
[2018.02.10-12.19.47:180][249]LogModuleManager: Shutting down and abandoning module LogVisualizer (450)
[2018.02.10-12.19.47:180][249]LogModuleManager: Shutting down and abandoning module IntroTutorials (448)
[2018.02.10-12.19.47:180][249]LogModuleManager: Shutting down and abandoning module GameProjectGeneration (447)
[2018.02.10-12.19.47:180][249]LogModuleManager: Shutting down and abandoning module EditorLiveStreaming (444)
[2018.02.10-12.19.47:180][249]LogModuleManager: Shutting down and abandoning module IOSPlatformEditor (442)
[2018.02.10-12.19.47:180][249]LogModuleManager: Shutting down and abandoning module HTML5PlatformEditor (440)
[2018.02.10-12.19.47:180][249]LogModuleManager: Shutting down and abandoning module AndroidPlatformEditor (438)
[2018.02.10-12.19.47:180][249]LogModuleManager: Shutting down and abandoning module AndroidDeviceDetection (437)
[2018.02.10-12.19.47:494][249]LogModuleManager: Shutting down and abandoning module IOSRuntimeSettings (434)
[2018.02.10-12.19.47:494][249]LogModuleManager: Shutting down and abandoning module AndroidRuntimeSettings (432)
[2018.02.10-12.19.47:494][249]LogModuleManager: Shutting down and abandoning module InputBindingEditor (430)
[2018.02.10-12.19.47:494][249]LogModuleManager: Shutting down and abandoning module MergeActors (428)
[2018.02.10-12.19.47:494][249]LogModuleManager: Shutting down and abandoning module SizeMap (426)
[2018.02.10-12.19.47:494][249]LogModuleManager: Shutting down and abandoning module TreeMap (424)
[2018.02.10-12.19.47:494][249]LogModuleManager: Shutting down and abandoning module ReferenceViewer (422)
[2018.02.10-12.19.47:494][249]LogModuleManager: Shutting down and abandoning module LocalizationDashboard (420)
[2018.02.10-12.19.47:494][249]LogModuleManager: Shutting down and abandoning module LocalizationService (419)
[2018.02.10-12.19.47:494][249]LogModuleManager: Shutting down and abandoning module HardwareTargeting (416)
[2018.02.10-12.19.47:494][249]LogModuleManager: Shutting down and abandoning module DeviceProfileEditor (414)
[2018.02.10-12.19.47:494][249]LogModuleManager: Shutting down and abandoning module UndoHistory (412)
[2018.02.10-12.19.47:494][249]LogModuleManager: Shutting down and abandoning module UserFeedback (410)
[2018.02.10-12.19.47:494][249]LogModuleManager: Shutting down and abandoning module XmlParser (408)
[2018.02.10-12.19.47:494][249]LogModuleManager: Shutting down and abandoning module Blutility (406)
[2018.02.10-12.19.47:494][249]LogModuleManager: Shutting down and abandoning module ProjectSettingsViewer (404)
[2018.02.10-12.19.47:494][249]LogModuleManager: Shutting down and abandoning module ProjectTargetPlatformEditor (403)
[2018.02.10-12.19.47:495][249]LogModuleManager: Shutting down and abandoning module EditorSettingsViewer (400)
[2018.02.10-12.19.47:495][249]LogModuleManager: Shutting down and abandoning module SettingsEditor (398)
[2018.02.10-12.19.47:495][249]LogModuleManager: Shutting down and abandoning module ProjectLauncher (396)
[2018.02.10-12.19.47:495][249]LogModuleManager: Shutting down and abandoning module SessionFrontend (394)
[2018.02.10-12.19.47:495][249]LogModuleManager: Shutting down and abandoning module ProfilerClient (392)
[2018.02.10-12.19.47:495][249]LogModuleManager: Shutting down and abandoning module DeviceManager (390)
[2018.02.10-12.19.47:495][249]LogModuleManager: Shutting down and abandoning module TargetDeviceServices (389)
[2018.02.10-12.19.47:546][249]LogModuleManager: Shutting down and abandoning module AutomationController (386)
[2018.02.10-12.19.47:546][249]LogModuleManager: Shutting down and abandoning module AutomationWindow (384)
[2018.02.10-12.19.47:546][249]LogModuleManager: Shutting down and abandoning module Layers (382)
[2018.02.10-12.19.47:546][249]LogModuleManager: Shutting down and abandoning module ComponentVisualizers (380)
[2018.02.10-12.19.47:546][249]LogModuleManager: Shutting down and abandoning module DetailCustomizations (378)
[2018.02.10-12.19.47:546][249]LogModuleManager: Shutting down and abandoning module PackagesDialog (376)
[2018.02.10-12.19.47:546][249]LogModuleManager: Shutting down and abandoning module Persona (374)
[2018.02.10-12.19.47:546][249]LogModuleManager: Shutting down and abandoning module AdvancedPreviewScene (373)
[2018.02.10-12.19.47:546][249]LogModuleManager: Shutting down and abandoning module AnimGraph (371)
[2018.02.10-12.19.47:546][249]LogModuleManager: Shutting down and abandoning module Kismet (368)
[2018.02.10-12.19.47:546][249]LogModuleManager: Shutting down and abandoning module ClassViewer (366)
[2018.02.10-12.19.47:546][249]LogModuleManager: Shutting down and abandoning module Toolbox (364)
[2018.02.10-12.19.47:546][249]LogModuleManager: Shutting down and abandoning module ModuleUI (362)
[2018.02.10-12.19.47:546][249]LogModuleManager: Shutting down and abandoning module MovieSceneTools (360)
[2018.02.10-12.19.47:546][249]LogModuleManager: Shutting down and abandoning module OutputLog (358)
[2018.02.10-12.19.47:546][249]LogModuleManager: Shutting down and abandoning module GammaUI (356)
[2018.02.10-12.19.47:546][249]LogModuleManager: Shutting down and abandoning module Documentation (354)
[2018.02.10-12.19.47:546][249]LogModuleManager: Shutting down and abandoning module MovieSceneTracks (352)
[2018.02.10-12.19.47:546][249]LogModuleManager: Shutting down and abandoning module MovieScene (350)
[2018.02.10-12.19.47:546][249]LogModuleManager: Shutting down and abandoning module Niagara (348)
[2018.02.10-12.19.47:546][249]LogModuleManager: Shutting down and abandoning module NiagaraEditor (347)
[2018.02.10-12.19.47:547][249]LogModuleManager: Shutting down and abandoning module StreamingPauseRendering (344)
[2018.02.10-12.19.47:547][249]LogModuleManager: Shutting down and abandoning module AnalyticsET (342)
[2018.02.10-12.19.47:547][249]LogModuleManager: Shutting down and abandoning module PortalServices (340)
[2018.02.10-12.19.47:547][249]LogModuleManager: Shutting down and abandoning module PortalRpc (338)
[2018.02.10-12.19.47:547][249]LogModuleManager: Shutting down and abandoning module MessagingRpc (336)
[2018.02.10-12.19.47:547][249]LogModuleManager: Shutting down and abandoning module AIModule (334)
[2018.02.10-12.19.47:547][249]LogModuleManager: Shutting down and abandoning module GameplayDebugger (333)
[2018.02.10-12.19.47:547][249]LogModuleManager: Shutting down and abandoning module AITestSuite (331)
[2018.02.10-12.19.47:547][249]LogModuleManager: Shutting down and abandoning module ProfilerService (328)
[2018.02.10-12.19.47:781][249]LogModuleManager: Shutting down and abandoning module TaskGraph (326)
[2018.02.10-12.19.47:781][249]LogModuleManager: Shutting down and abandoning module SteamVRController (324)
[2018.02.10-12.19.47:781][249]LogModuleManager: Shutting down and abandoning module SteamVR (322)
[2018.02.10-12.19.47:781][249]LogModuleManager: Shutting down and abandoning module ProceduralMeshComponentEditor (320)
[2018.02.10-12.19.47:781][249]LogModuleManager: Shutting down and abandoning module ProceduralMeshComponent (318)
[2018.02.10-12.19.47:781][249]LogModuleManager: Shutting down and abandoning module OculusLibrary (316)
[2018.02.10-12.19.47:781][249]LogModuleManager: Shutting down and abandoning module OculusInput (314)
[2018.02.10-12.19.47:781][249]LogModuleManager: Shutting down and abandoning module MobilePatchingUtils (312)
[2018.02.10-12.19.47:781][249]LogModuleManager: Shutting down and abandoning module CustomMeshComponent (310)
[2018.02.10-12.19.47:781][249]LogModuleManager: Shutting down and abandoning module CableComponent (308)
[2018.02.10-12.19.47:781][249]LogModuleManager: Shutting down and abandoning module ArchVisCharacter (306)
[2018.02.10-12.19.47:781][249]LogModuleManager: Shutting down and abandoning module AndroidPermission (304)
[2018.02.10-12.19.47:781][249]LogModuleManager: Shutting down and abandoning module MediaPlayerEditor (300)
[2018.02.10-12.19.47:781][249]LogModuleManager: Shutting down and abandoning module HTML5Networking (298)
[2018.02.10-12.19.47:781][249]LogModuleManager: Shutting down and abandoning module AlembicImporter (296)
[2018.02.10-12.19.47:781][249]LogModuleManager: Shutting down and abandoning module AlembicLibrary (295)
[2018.02.10-12.19.47:781][249]LogModuleManager: Shutting down and abandoning module GeometryCache (294)
[2018.02.10-12.19.47:781][249]LogModuleManager: Shutting down and abandoning module GeometryCacheEd (293)
[2018.02.10-12.19.47:781][249]LogModuleManager: Shutting down and abandoning module SuperSearchEditor (288)
[2018.02.10-12.19.47:781][249]LogModuleManager: Shutting down and abandoning module SuperSearch (287)
[2018.02.10-12.19.47:781][249]LogModuleManager: Shutting down and abandoning module SpeedTreeImporter (284)
[2018.02.10-12.19.47:781][249]LogModuleManager: Shutting down and abandoning module PluginBrowser (282)
[2018.02.10-12.19.47:782][249]LogModuleManager: Shutting down and abandoning module MobileLauncherProfileWizard (280)
[2018.02.10-12.19.47:782][249]LogModuleManager: Shutting down and abandoning module VisualStudioSourceCodeAccess (278)
[2018.02.10-12.19.47:782][249]LogModuleManager: Shutting down and abandoning module DesktopPlatform (277)
[2018.02.10-12.19.47:782][249]LogModuleManager: Shutting down and abandoning module UObjectPlugin (274)
[2018.02.10-12.19.47:782][249]LogModuleManager: Shutting down and abandoning module SubversionSourceControl (272)
[2018.02.10-12.19.47:782][249]LogModuleManager: Shutting down and abandoning module PerforceSourceControl (270)
[2018.02.10-12.19.47:782][249]LogModuleManager: Shutting down and abandoning module GitSourceControl (268)
[2018.02.10-12.19.47:782][249]LogModuleManager: Shutting down and abandoning module SourceControl (267)
[2018.02.10-12.19.47:782][249]LogModuleManager: Shutting down and abandoning module LightPropagationVolumeEditor (264)
[2018.02.10-12.19.47:782][249]LogModuleManager: Shutting down and abandoning module PaperTiledImporter (262)
[2018.02.10-12.19.47:782][249]LogModuleManager: Shutting down and abandoning module PaperSpriteSheetImporter (260)
[2018.02.10-12.19.47:782][249]LogModuleManager: Shutting down and abandoning module Paper2DEditor (258)
[2018.02.10-12.19.47:782][249]LogModuleManager: Shutting down and abandoning module MeshPaint (257)
[2018.02.10-12.19.47:782][249]LogModuleManager: Shutting down and abandoning module LevelEditor (255)
[2018.02.10-12.19.47:782][249]LogModuleManager: Shutting down and abandoning module PixelInspectorModule (254)
[2018.02.10-12.19.47:782][249]LogModuleManager: Shutting down and abandoning module MainFrame (252)
[2018.02.10-12.19.47:783][249]LogModuleManager: Shutting down and abandoning module HotReload (251)
[2018.02.10-12.19.47:783][249]LogModuleManager: Shutting down and abandoning module PhysXVehiclesEditor (246)
[2018.02.10-12.19.47:783][249]LogModuleManager: Shutting down and abandoning module PhysXVehicles (244)
[2018.02.10-12.19.47:783][249]LogModuleManager: Shutting down and abandoning module LocationServicesBPLibrary (242)
[2018.02.10-12.19.47:783][249]LogModuleManager: Shutting down and abandoning module ImmediatePhysicsEditor (240)
[2018.02.10-12.19.47:783][249]LogModuleManager: Shutting down and abandoning module ImmediatePhysics (238)
[2018.02.10-12.19.47:783][249]LogModuleManager: Shutting down and abandoning module UdpMessaging (236)
[2018.02.10-12.19.47:884][249]LogModuleManager: Shutting down and abandoning module TcpMessaging (234)
[2018.02.10-12.19.47:985][249]LogModuleManager: Shutting down and abandoning module GameplayTagsEditor (232)
[2018.02.10-12.19.47:985][249]LogModuleManager: Shutting down and abandoning module FacialAnimationEditor (230)
[2018.02.10-12.19.47:985][249]LogModuleManager: Shutting down and abandoning module FacialAnimation (228)
[2018.02.10-12.19.47:985][249]LogModuleManager: Shutting down and abandoning module AssetManagerEditor (226)
[2018.02.10-12.19.47:985][249]LogModuleManager: Shutting down and abandoning module GraphEditor (225)
[2018.02.10-12.19.47:985][249]LogModuleManager: Shutting down and abandoning module ContentBrowser (223)
[2018.02.10-12.19.47:986][249]LogModuleManager: Shutting down and abandoning module LightPropagationVolumeRuntime (220)
[2018.02.10-12.19.47:986][249]LogModuleManager: Shutting down and abandoning module Paper2D (218)
[2018.02.10-12.19.47:986][249]LogModuleManager: Shutting down and abandoning module WindowsMoviePlayer (216)
[2018.02.10-12.19.47:986][249]LogModuleManager: Shutting down and abandoning module WmfMedia (214)
[2018.02.10-12.19.47:987][249]LogModuleManager: Shutting down and abandoning module ClothingSystemEditor (212)
[2018.02.10-12.19.47:987][249]LogModuleManager: Shutting down and abandoning module ClothingSystemRuntime (210)
[2018.02.10-12.19.47:987][249]LogModuleManager: Shutting down and abandoning module MediaAssets (208)
[2018.02.10-12.19.47:987][249]LogModuleManager: Shutting down and abandoning module GameLiveStreaming (206)
[2018.02.10-12.19.47:987][249]LogModuleManager: Shutting down and abandoning module VREditor (204)
[2018.02.10-12.19.47:987][249]LogModuleManager: Shutting down and abandoning module StringTableEditor (202)
[2018.02.10-12.19.47:987][249]LogModuleManager: Shutting down and abandoning module GameplayTasksEditor (200)
[2018.02.10-12.19.47:987][249]LogModuleManager: Shutting down and abandoning module BehaviorTreeEditor (198)
[2018.02.10-12.19.47:987][249]LogModuleManager: Shutting down and abandoning module FunctionalTesting (196)
[2018.02.10-12.19.47:987][249]LogModuleManager: Shutting down and abandoning module CollisionAnalyzer (194)
[2018.02.10-12.19.47:987][249]LogModuleManager: Shutting down and abandoning module UMG (192)
[2018.02.10-12.19.47:987][249]LogModuleManager: Shutting down and abandoning module UMGEditor (191)
[2018.02.10-12.19.47:987][249]LogModuleManager: Shutting down and abandoning module Sequencer (190)
[2018.02.10-12.19.47:987][249]LogModuleManager: Shutting down and abandoning module AssetTools (188)
[2018.02.10-12.19.47:987][249]LogModuleManager: Shutting down and abandoning module MessageLog (187)
[2018.02.10-12.19.47:987][249]LogModuleManager: Shutting down and abandoning module WorkspaceMenuStructure (186)
[2018.02.10-12.19.47:987][249]LogModuleManager: Shutting down and abandoning module SlateReflector (180)
[2018.02.10-12.19.47:987][249]LogModuleManager: Shutting down and abandoning module Slate (178)
[2018.02.10-12.19.47:987][249]LogModuleManager: Shutting down and abandoning module EditorStyle (176)
[2018.02.10-12.19.47:989][249]LogModuleManager: Shutting down and abandoning module SourceCodeAccess (174)
[2018.02.10-12.19.47:989][249]LogModuleManager: Shutting down and abandoning module HeadMountedDisplay (172)
[2018.02.10-12.19.47:989][249]LogModuleManager: Shutting down and abandoning module XAudio2 (170)
[2018.02.10-12.19.47:989][249]LogModuleManager: Shutting down and abandoning module Networking (168)
[2018.02.10-12.19.47:989][249]LogModuleManager: Shutting down and abandoning module Core (164)
[2018.02.10-12.19.47:989][249]LogModuleManager: Shutting down and abandoning module AssetRegistry (162)
[2018.02.10-12.19.48:112][249]LogDirectoryWatcher: A directory notification for '../../../Engine/Content/' was aborted.
[2018.02.10-12.19.48:112][249]LogDirectoryWatcher: A directory notification for '../../../../../../rep/SVANS/Rpg/Content/' was aborted.
[2018.02.10-12.19.48:112][249]LogDirectoryWatcher: A directory notification for '../../../Engine/Plugins/2D/Paper2D/Content/' was aborted.
[2018.02.10-12.19.48:112][249]LogDirectoryWatcher: A directory notification for '../../../Engine/Plugins/Runtime/GearVR/Content/' was aborted.
[2018.02.10-12.19.48:115][249]LogModuleManager: Shutting down and abandoning module DirectoryWatcher (161)
[2018.02.10-12.19.48:116][249]LogModuleManager: Shutting down and abandoning module KismetCompiler (158)
[2018.02.10-12.19.48:116][249]LogModuleManager: Shutting down and abandoning module LevelSequence (156)
[2018.02.10-12.19.48:116][249]LogModuleManager: Shutting down and abandoning module PhysXFormats (154)
[2018.02.10-12.19.48:116][249]LogModuleManager: Shutting down and abandoning module MeshUtilities (152)
[2018.02.10-12.19.48:116][249]LogModuleManager: Shutting down and abandoning module SimplygonSwarm (151)
[2018.02.10-12.19.48:116][249]LogModuleManager: Shutting down and abandoning module SimplygonMeshReduction (149)
[2018.02.10-12.19.48:116][249]LogModuleManager: Shutting down and abandoning module QuadricMeshReduction (147)
[2018.02.10-12.19.48:116][249]LogModuleManager: Shutting down and abandoning module DerivedDataCache (144)
[2018.02.10-12.19.48:128][249]LogDerivedDataCache: Shutdown
[2018.02.10-12.19.48:128][249]LogModuleManager: Shutting down and abandoning module TargetPlatform (142)
[2018.02.10-12.19.48:128][249]LogModuleManager: Shutting down and abandoning module VulkanShaderFormat (141)
[2018.02.10-12.19.48:129][249]LogModuleManager: Shutting down and abandoning module ShaderFormatVectorVM (139)
[2018.02.10-12.19.48:129][249]LogModuleManager: Shutting down and abandoning module ShaderFormatOpenGL (137)
[2018.02.10-12.19.48:129][249]LogModuleManager: Shutting down and abandoning module ShaderFormatD3D (135)
[2018.02.10-12.19.48:129][249]LogModuleManager: Shutting down and abandoning module MetalShaderFormat (133)
[2018.02.10-12.19.48:129][249]LogModuleManager: Shutting down and abandoning module TextureFormatUncompressed (131)
[2018.02.10-12.19.48:129][249]LogModuleManager: Shutting down and abandoning module TextureFormatPVR (129)
[2018.02.10-12.19.48:129][249]LogModuleManager: Shutting down and abandoning module TextureFormatDXT (127)
[2018.02.10-12.19.48:129][249]LogModuleManager: Shutting down and abandoning module TextureFormatIntelISPCTexComp (125)
[2018.02.10-12.19.48:129][249]LogModuleManager: Shutting down and abandoning module TextureFormatASTC (123)
[2018.02.10-12.19.48:129][249]LogModuleManager: Shutting down and abandoning module ImageWrapper (122)
[2018.02.10-12.19.48:129][249]LogModuleManager: Shutting down and abandoning module TextureFormatAndroid (119)
[2018.02.10-12.19.48:129][249]LogModuleManager: Shutting down and abandoning module AudioFormatOpus (117)
[2018.02.10-12.19.48:129][249]LogModuleManager: Shutting down and abandoning module AudioFormatOgg (115)
[2018.02.10-12.19.48:129][249]LogModuleManager: Shutting down and abandoning module AudioFormatADPCM (113)
[2018.02.10-12.19.48:129][249]LogModuleManager: Shutting down and abandoning module LinuxTargetPlatform (111)
[2018.02.10-12.19.48:129][249]LogModuleManager: Shutting down and abandoning module LinuxServerTargetPlatform (109)
[2018.02.10-12.19.48:129][249]LogModuleManager: Shutting down and abandoning module LinuxNoEditorTargetPlatform (107)
[2018.02.10-12.19.48:129][249]LogModuleManager: Shutting down and abandoning module LinuxClientTargetPlatform (105)
[2018.02.10-12.19.48:129][249]LogModuleManager: Shutting down and abandoning module TVOSTargetPlatform (103)
[2018.02.10-12.19.48:129][249]LogModuleManager: Shutting down and abandoning module Messaging (101)
[2018.02.10-12.19.48:129][249]LogModuleManager: Shutting down and abandoning module IOSTargetPlatform (99)
[2018.02.10-12.19.48:129][249]LogModuleManager: Shutting down and abandoning module HTML5TargetPlatform (97)
[2018.02.10-12.19.48:129][249]LogModuleManager: Shutting down and abandoning module Android_PVRTCTargetPlatform (95)
[2018.02.10-12.19.48:129][249]LogModuleManager: Shutting down and abandoning module Android_MultiTargetPlatform (93)
[2018.02.10-12.19.48:129][249]LogModuleManager: Shutting down and abandoning module Android_ETC2TargetPlatform (91)
[2018.02.10-12.19.48:129][249]LogModuleManager: Shutting down and abandoning module Android_ETC1TargetPlatform (89)
[2018.02.10-12.19.48:129][249]LogModuleManager: Shutting down and abandoning module Android_DXTTargetPlatform (87)
[2018.02.10-12.19.48:129][249]LogModuleManager: Shutting down and abandoning module Android_ATCTargetPlatform (85)
[2018.02.10-12.19.48:129][249]LogModuleManager: Shutting down and abandoning module Android_ASTCTargetPlatform (83)
[2018.02.10-12.19.48:129][249]LogModuleManager: Shutting down and abandoning module AndroidTargetPlatform (81)
[2018.02.10-12.19.48:129][249]LogModuleManager: Shutting down and abandoning module WindowsTargetPlatform (79)
[2018.02.10-12.19.48:129][249]LogModuleManager: Shutting down and abandoning module WindowsServerTargetPlatform (77)
[2018.02.10-12.19.48:129][249]LogModuleManager: Shutting down and abandoning module WindowsNoEditorTargetPlatform (75)
[2018.02.10-12.19.48:129][249]LogModuleManager: Shutting down and abandoning module WindowsClientTargetPlatform (73)
[2018.02.10-12.19.48:129][249]LogModuleManager: Shutting down and abandoning module MacTargetPlatform (71)
[2018.02.10-12.19.48:129][249]LogModuleManager: Shutting down and abandoning module MacServerTargetPlatform (69)
[2018.02.10-12.19.48:129][249]LogModuleManager: Shutting down and abandoning module MacNoEditorTargetPlatform (67)
[2018.02.10-12.19.48:129][249]LogModuleManager: Shutting down and abandoning module MacClientTargetPlatform (65)
[2018.02.10-12.19.48:129][249]LogModuleManager: Shutting down and abandoning module AllDesktopTargetPlatform (63)
[2018.02.10-12.19.48:129][249]LogModuleManager: Shutting down and abandoning module InputCore (60)
[2018.02.10-12.19.48:129][249]LogModuleManager: Shutting down and abandoning module Settings (58)
[2018.02.10-12.19.48:129][249]LogModuleManager: Shutting down and abandoning module OculusRift (56)
[2018.02.10-12.19.48:129][249]LogModuleManager: Shutting down and abandoning module GearVRController (54)
[2018.02.10-12.19.48:129][249]LogModuleManager: Shutting down and abandoning module GearVR (52)
[2018.02.10-12.19.48:129][249]LogModuleManager: Shutting down and abandoning module ExampleDeviceProfileSelector (50)
[2018.02.10-12.19.48:129][249]LogModuleManager: Shutting down and abandoning module OnlineBlueprintSupport (48)
[2018.02.10-12.19.48:129][249]LogModuleManager: Shutting down and abandoning module OnlineSubsystem (44)
[2018.02.10-12.19.48:129][249]LogOnline:Display: Unloading online subsystem: NULL
[2018.02.10-12.19.48:129][249]LogModuleManager: Shutting down and abandoning module XMPP (43)
[2018.02.10-12.19.48:129][249]LogModuleManager: Shutting down and abandoning module HTTP (41)
[2018.02.10-12.19.48:129][249]LogHttp:Display: Http module shutting down, but needs to wait on 1 outstanding Http requests:
[2018.02.10-12.19.48:129][249]LogHttp:Display: 	verb=[POST] url=[https://datarouter.ol.epicgames.com/datarouter/api/v1/public/data?SessionID=%7BE0503530-4EBF-55B7-C6D0-3F94855365B4%7D&AppID=UEEditor.Rocket.Release&AppVersion=4.16.3-3561208%2B%2B%2BUE4%2BRelease-4.16&UserID=b06c3dcf48213cda3c71c99aebb1f967%7C8d73681764184a28bfb0e77dda3a2c09%7C0d24fd42-e1db-4cf7-b194-3abc067e65b1&AppEnvironment=datacollector-binary&UploadType=eteventstream] status=Processing
[2018.02.10-12.19.48:139][249]LogModuleManager: Shutting down and abandoning module SSL (40)
[2018.02.10-12.19.48:141][249]LogModuleManager: Shutting down and abandoning module HTTPChunkInstaller (36)
[2018.02.10-12.19.48:141][249]LogModuleManager: Shutting down and abandoning module AnimationModifiers (34)
[2018.02.10-12.19.48:141][249]LogModuleManager: Shutting down and abandoning module PropertyEditor (33)
[2018.02.10-12.19.48:141][249]LogModuleManager: Shutting down and abandoning module AudioEditor (30)
[2018.02.10-12.19.48:141][249]LogModuleManager: Shutting down and abandoning module TextureCompressor (28)
[2018.02.10-12.19.48:141][249]LogModuleManager: Shutting down and abandoning module ShaderCore (26)
[2018.02.10-12.19.48:141][249]LogModuleManager: Shutting down and abandoning module Landscape (24)
[2018.02.10-12.19.48:141][249]LogModuleManager: Shutting down and abandoning module SlateRHIRenderer (22)
[2018.02.10-12.19.48:142][249]LogModuleManager: Shutting down and abandoning module OpenGLDrv (20)
[2018.02.10-12.19.48:142][249]LogModuleManager: Shutting down and abandoning module D3D11RHI (18)
[2018.02.10-12.19.48:142][249]LogModuleManager: Shutting down and abandoning module AnimGraphRuntime (16)
[2018.02.10-12.19.48:142][249]LogModuleManager: Shutting down and abandoning module Renderer (14)
[2018.02.10-12.19.48:142][249]LogModuleManager: Shutting down and abandoning module Engine (12)
[2018.02.10-12.19.48:142][249]LogModuleManager: Shutting down and abandoning module CoreUObject (10)
[2018.02.10-12.19.48:142][249]LogModuleManager: Shutting down and abandoning module NetworkFile (8)
[2018.02.10-12.19.48:142][249]LogModuleManager: Shutting down and abandoning module StreamingFile (6)
[2018.02.10-12.19.48:142][249]LogModuleManager: Shutting down and abandoning module SandboxFile (4)
[2018.02.10-12.19.48:142][249]LogModuleManager: Shutting down and abandoning module PakFile (2)
[2018.02.10-12.19.48:143][249]LogExit: Exiting.
[2018.02.10-12.19.48:150][249]Log file closed, 02/10/18 15:19:48
