Log file open, 02/10/18 16:34:42
LogInit:Display: Running engine for game: Rpg
LogPlatformFile: Not using cached read wrapper
LogInit:Display: RandInit(79557552) SRandInit(79557552).
LogTaskGraph: Started task graph with 5 named threads and 6 total threads with 1 sets of task threads.
LogStats: Stats thread started at 0.150768
LogInit: Using libcurl 7.47.1
LogInit:  - built for x86_64-pc-win32
LogInit:  - supports SSL with OpenSSL/1.0.2g
LogInit:  - supports HTTP deflate (compression) using libz 1.2.8
LogInit:  - other features:
LogInit:      CURL_VERSION_SSL
LogInit:      CURL_VERSION_LIBZ
LogInit:      CURL_VERSION_IPV6
LogInit:      CURL_VERSION_ASYNCHDNS
LogInit:      CURL_VERSION_LARGEFILE
LogInit:      CURL_VERSION_IDN
LogInit:  CurlRequestOptions (configurable via config and command line):
LogInit:  - bVerifyPeer = false  - Libcurl will NOT verify peer certificate
LogInit:  - bUseHttpProxy = true  - Libcurl will use HTTP proxy
LogInit:  - HttpProxyAddress = '192.168.3.253:8080'
LogInit:  - bDontReuseConnections = false  - Libcurl will reuse connections
LogInit:  - CertBundlePath = nullptr  - Libcurl will use whatever was configured at build time.
LogInit: Build: ++UE4+Release-4.16-CL-3561208
LogInit: Engine Version: 4.16.3-3561208+++UE4+Release-4.16
LogInit: Compatible Engine Version: 4.16.0-3452394+++UE4+Release-4.16
LogInit: Net CL: 3452394
LogDevObjectVersion: Number of dev versions registered: 16
LogDevObjectVersion:   Dev-Blueprints (B0D832E4-1F89-4F0D-ACCF-7EB736FD4AA2): 9
LogDevObjectVersion:   Dev-Build (E1C64328-A22C-4D53-A36C-8E866417BD8C): 0
LogDevObjectVersion:   Dev-Core (375EC13C-06E4-48FB-B500-84F0262A717E): 2
LogDevObjectVersion:   Dev-Editor (E4B068ED-F494-42E9-A231-DA0B2E46BB41): 17
LogDevObjectVersion:   Dev-Framework (CFFC743F-43B0-4480-9391-14DF171D2073): 23
LogDevObjectVersion:   Dev-Mobile (B02B49B5-BB20-44E9-A304-32B752E40360): 0
LogDevObjectVersion:   Dev-Networking (A4E4105C-59A1-49B5-A7C5-40C4547EDFEE): 0
LogDevObjectVersion:   Dev-Online (39C831C9-5AE6-47DC-9A44-9C173E1C8E7C): 0
LogDevObjectVersion:   Dev-Physics (78F01B33-EBEA-4F98-B9B4-84EACCB95AA2): 0
LogDevObjectVersion:   Dev-Platform (6631380F-2D4D-43E0-8009-CF276956A95A): 0
LogDevObjectVersion:   Dev-Rendering (12F88B9F-8875-4AFC-A67C-D90C383ABD29): 15
LogDevObjectVersion:   Dev-Sequencer (7B5AE74C-D270-4C10-A958-57980B212A5A): 4
LogDevObjectVersion:   Dev-VR (D7296918-1DD6-4BDD-9DE2-64A83CC13884): 0
LogDevObjectVersion:   Dev-LoadTimes (C2A15278-BFE7-4AFE-6C17-90FF531DF755): 1
LogDevObjectVersion:   Private-Geometry (6EACA3D4-40EC-4CC1-B786-8BED09428FC5): 1
LogDevObjectVersion:   Dev-AnimPhys (29E575DD-E0A3-4627-9D10-D276232CDCEA): 3
LogInit: Compiled (64-bit): Jul 28 2017 11:49:47
LogInit: Compiled with Visual C++: 19.00.24215.01
LogInit: Build Configuration: Development
LogInit: Branch Name: ++UE4+Release-4.16
LogInit: Command line:  
LogInit: Base directory: D:/Софт для студии/Unrial_Engine 4/UE_4.16/Engine/Binaries/Win64/
LogInit: Installed Engine Build: 1
LogInit: Presizing for max 8388607 objects, including 0 objects not considered by GC, pre-allocating 0 bytes for permanent pool.
LogInit: Object subsystem initialized
[2018.02.10-13.34.43:460][  0]LogInit: Selected Device Profile: [Windows]
[2018.02.10-13.34.43:460][  0]LogInit: Applying CVar settings loaded from the selected device profile: [Windows]
[2018.02.10-13.34.43:469][  0]LogInit: Computer: CLASS602-09
[2018.02.10-13.34.43:469][  0]LogInit: User: student
[2018.02.10-13.34.43:469][  0]LogInit: CPU Page size=4096, Cores=2
[2018.02.10-13.34.43:469][  0]LogInit: High frequency timer resolution =3.222682 MHz
[2018.02.10-13.34.43:469][  0]LogMemory: Memory total: Physical=11.7GB (12GB approx)
[2018.02.10-13.34.43:469][  0]LogMemory: Platform Memory Stats for Windows
[2018.02.10-13.34.43:469][  0]LogMemory: Process Physical Memory: 270.32 MB used, 270.32 MB peak
[2018.02.10-13.34.43:469][  0]LogMemory: Process Virtual Memory: 266.32 MB used, 266.32 MB peak
[2018.02.10-13.34.43:469][  0]LogMemory: Physical Memory: 5513.23 MB used,  6466.54 MB free, 11979.77 MB total
[2018.02.10-13.34.43:469][  0]LogMemory: Virtual Memory: 624.36 MB used,  6466.54 MB free, 134217728.00 MB total
[2018.02.10-13.34.44:233][  0]LogInit: Using OS detected language (ru-RU).
[2018.02.10-13.34.44:233][  0]LogInit: Using OS detected locale (ru-RU).
[2018.02.10-13.34.44:236][  0]LogTextLocalizationManager: No localization for 'ru-RU' exists, so 'en' will be used for the language.
[2018.02.10-13.34.44:237][  0]LogTextLocalizationManager: No localization for 'ru-RU' exists, so 'en' will be used for the locale.
[2018.02.10-13.34.45:239][  0]LogD3D11RHI: D3D11 adapters:
[2018.02.10-13.34.45:242][  0]LogD3D11RHI:    0. 'Intel(R) HD Graphics' (Feature Level 11_0)
[2018.02.10-13.34.45:242][  0]LogD3D11RHI:       224/0/1568 MB DedicatedVideo/DedicatedSystem/SharedSystem, Outputs:1, VendorId:0x8086
[2018.02.10-13.34.45:243][  0]LogD3D11RHI:    1. 'Microsoft Basic Render Driver' (Feature Level 11_0)
[2018.02.10-13.34.45:243][  0]LogD3D11RHI:       0/0/256 MB DedicatedVideo/DedicatedSystem/SharedSystem, Outputs:0, VendorId:0x1414
[2018.02.10-13.34.45:243][  0]LogD3D11RHI: Chosen D3D11 Adapter: 0
[2018.02.10-13.34.45:247][  0]LogD3D11RHI: Creating new Direct3DDevice
[2018.02.10-13.34.45:247][  0]LogD3D11RHI:     GPU DeviceId: 0x152 (for the marketing name, search the web for "GPU Device Id")
[2018.02.10-13.34.45:247][  0]LogWindows: EnumDisplayDevices:
[2018.02.10-13.34.45:247][  0]LogWindows:    0. 'Intel(R) HD Graphics' (P:1 D:1)
[2018.02.10-13.34.45:247][  0]LogWindows:    1. 'Intel(R) HD Graphics' (P:0 D:0)
[2018.02.10-13.34.45:247][  0]LogWindows: DebugString: FoundDriverCount:2 
[2018.02.10-13.34.45:247][  0]LogD3D11RHI:     Adapter Name: Intel(R) HD Graphics
[2018.02.10-13.34.45:247][  0]LogD3D11RHI:   Driver Version: 10.18.10.4276 (internal:10.18.10.4276, unified:10.18.10.4276)
[2018.02.10-13.34.45:247][  0]LogD3D11RHI:      Driver Date: 8-17-2015
[2018.02.10-13.34.45:247][  0]LogRHI: Texture pool is 705 MB (70% of 1008 MB)
[2018.02.10-13.34.45:250][  0]LogD3D11RHI: Async texture creation enabled
[2018.02.10-13.34.45:255][  0]LogD3D11RHI: GPU Timing Frequency: 12.500000 (Debug: 2 0)
[2018.02.10-13.34.45:256][  0]LogShaderCompilers: Guid format shader working directory is 10 characters bigger than the processId version (../../../../../../Repository/SVANS/Rpg/Intermediate/Shaders/WorkingDirectory/6512/).
[2018.02.10-13.34.45:256][  0]LogShaderCompilers: Cleaned the shader compiler working directory 'C:/Users/student/AppData/Local/Temp/UnrealShaderWorkingDir/461E0E6B41BABC4B1DCE26849866775C/'.
[2018.02.10-13.34.45:256][  0]LogShaderCompilers:Display: Using Local Shader Compiler.
[2018.02.10-13.34.46:571][  0]LogTemp:Display: Loaded TP AllDesktopTargetPlatform
[2018.02.10-13.34.46:649][  0]LogTemp:Display: Loaded TP MacClientTargetPlatform
[2018.02.10-13.34.46:726][  0]LogTemp:Display: Loaded TP MacNoEditorTargetPlatform
[2018.02.10-13.34.46:803][  0]LogTemp:Display: Loaded TP MacServerTargetPlatform
[2018.02.10-13.34.46:889][  0]LogTemp:Display: Loaded TP MacTargetPlatform
[2018.02.10-13.34.46:967][  0]LogTemp:Display: Loaded TP WindowsClientTargetPlatform
[2018.02.10-13.34.47:050][  0]LogTemp:Display: Loaded TP WindowsNoEditorTargetPlatform
[2018.02.10-13.34.47:129][  0]LogTemp:Display: Loaded TP WindowsServerTargetPlatform
[2018.02.10-13.34.47:302][  0]LogTemp:Display: Loaded TP WindowsTargetPlatform
[2018.02.10-13.34.47:498][  0]LogTemp:Display: Loaded TP AndroidTargetPlatform
[2018.02.10-13.34.47:652][  0]LogTemp:Display: Loaded TP Android_ASTCTargetPlatform
[2018.02.10-13.34.47:736][  0]LogTemp:Display: Loaded TP Android_ATCTargetPlatform
[2018.02.10-13.34.47:819][  0]LogTemp:Display: Loaded TP Android_DXTTargetPlatform
[2018.02.10-13.34.47:903][  0]LogTemp:Display: Loaded TP Android_ETC1TargetPlatform
[2018.02.10-13.34.47:988][  0]LogTemp:Display: Loaded TP Android_ETC2TargetPlatform
[2018.02.10-13.34.48:157][  0]LogTemp:Display: Loaded TP Android_MultiTargetPlatform
[2018.02.10-13.34.48:157][  0]LogTemp:Display: Loaded TP Android_PVRTCTargetPlatform
[2018.02.10-13.34.48:226][  0]LogTemp:Display: Loaded TP HTML5TargetPlatform
[2018.02.10-13.34.48:500][  0]LogTemp:Display: Loaded TP IOSTargetPlatform
[2018.02.10-13.34.48:564][  0]LogTemp:Display: Loaded TP TVOSTargetPlatform
[2018.02.10-13.34.48:661][  0]LogTemp:Display: Loaded TP LinuxClientTargetPlatform
[2018.02.10-13.34.48:760][  0]LogTemp:Display: Loaded TP LinuxNoEditorTargetPlatform
[2018.02.10-13.34.48:862][  0]LogTemp:Display: Loaded TP LinuxServerTargetPlatform
[2018.02.10-13.34.48:952][  0]LogTemp:Display: Loaded TP LinuxTargetPlatform
[2018.02.10-13.34.48:952][  0]LogTargetPlatformManager:Display: Building Assets For Windows
[2018.02.10-13.34.51:146][  0]LogDerivedDataCache:Display: Max Cache Size: 512 MB
[2018.02.10-13.34.51:326][  0]LogDerivedDataCache: Loaded boot cache 0.18s 90MB C:/Users/student/AppData/Local/UnrealEngine/4.16/DerivedDataCache/Boot.ddc.
[2018.02.10-13.34.51:326][  0]LogDerivedDataCache:Display: Loaded Boot cache: C:/Users/student/AppData/Local/UnrealEngine/4.16/DerivedDataCache/Boot.ddc
[2018.02.10-13.34.51:326][  0]LogDerivedDataCache: FDerivedDataBackendGraph:  Pak pak cache file ../../../../../../Repository/SVANS/Rpg/DerivedDataCache/DDC.ddp not found, will not use a pak cache.
[2018.02.10-13.34.51:326][  0]LogDerivedDataCache: Unable to find inner node Pak for hierarchical cache Hierarchy.
[2018.02.10-13.34.51:326][  0]LogDerivedDataCache: FDerivedDataBackendGraph:  CompressedPak pak cache file ../../../../../../Repository/SVANS/Rpg/DerivedDataCache/Compressed.ddp not found, will not use a pak cache.
[2018.02.10-13.34.51:326][  0]LogDerivedDataCache: Unable to find inner node CompressedPak for hierarchical cache Hierarchy.
[2018.02.10-13.34.51:357][  0]LogDerivedDataCache:Display: Pak cache opened for reading ../../../Engine/DerivedDataCache/Compressed.ddp.
[2018.02.10-13.34.51:372][  0]LogDerivedDataCache: Using Local data cache path C:/Users/student/AppData/Local/UnrealEngine/Common/DerivedDataCache: Writable
[2018.02.10-13.34.51:391][  0]LogMaterial: Verifying Global Shaders for PCD3D_SM5
[2018.02.10-13.34.51:392][  0]LogSlate: Using Freetype 2.6.0
[2018.02.10-13.34.51:392][  0]LogSlate: SlateFontCache - WITH_FREETYPE: 1, WITH_HARFBUZZ: 1
[2018.02.10-13.34.51:392][  0]LogSlate: SlateFontCache - WITH_FREETYPE: 1, WITH_HARFBUZZ: 1
[2018.02.10-13.34.51:981][  0]LogInit: Selected Device Profile: [Windows]
[2018.02.10-13.34.52:157][  0]LogContentStreaming: Texture pool size is 0.00 MB
[2018.02.10-13.34.52:853][  0]LogMeshUtilities: Using QuadricMeshReduction for automatic static mesh reduction
[2018.02.10-13.34.52:987][  0]LogSimplygon: Simplygon DLL not present - disabling.
[2018.02.10-13.34.53:129][  0]LogMeshUtilities: Using SimplygonSwarm for distributed automatic mesh merging
[2018.02.10-13.34.53:129][  0]LogMeshUtilities: No automatic skeletal mesh reduction module available
[2018.02.10-13.34.53:129][  0]LogMeshUtilities: No automatic mesh merging module available
[2018.02.10-13.34.53:961][  0]LogNetVersion: Rpg , NetCL: 3452394, EngineNetVer: 2, GameNetVer: 0 (Checksum: 2515200283)
[2018.02.10-13.34.54:023][  0]LogAssetRegistry: FAssetRegistry took 0.0269 seconds to start up
[2018.02.10-13.34.54:083][  0]LogPackageLocalizationCache: Processed 4 localized package path(s) for 1 prioritized culture(s) in 0.022156 seconds
[2018.02.10-13.34.54:090][  0]LogUObjectArray: 34194 objects as part of root set at end of initial load.
[2018.02.10-13.34.54:091][  0]LogUObjectAllocator: 7260424 out of 0 bytes used by permanent object pool.
[2018.02.10-13.34.54:091][  0]LogUObjectArray: CloseDisregardForGC: 0/0 objects in disregard for GC pool
[2018.02.10-13.34.54:191][  0]LogInit: WinSock: version 1.1 (2.2), MaxSocks=32767, MaxUdp=65467
[2018.02.10-13.34.59:124][  0]LogTcpMessaging: Initializing TcpMessaging bridge
[2018.02.10-13.34.59:220][  0]LogUdpMessaging: Initializing bridge on interface 0.0.0.0:0 to multicast group 230.0.0.1:6666.
[2018.02.10-13.35.00:395][  0]LogMaterial: Uniform references updated for custom material expression Custom.
[2018.02.10-13.35.01:032][  0]SourceControl: Info Source control is disabled
[2018.02.10-13.35.04:628][  0]LogAndroidPermission: UAndroidPermissionCallbackProxy::GetInstance
[2018.02.10-13.35.05:860][  0]LogEngine: Initializing Engine...
[2018.02.10-13.35.05:861][  0]LogHMD: Failed to initialize OpenVR with code 110
[2018.02.10-13.35.06:109][  0]LogStats: UGameplayTagsManager::ConstructGameplayTagTree: Construct from data asset -  0.000 s
[2018.02.10-13.35.06:109][  0]LogStats: UGameplayTagsManager::ConstructGameplayTagTree: GameplayTagTreeChangedEvent.Broadcast -  0.000 s
[2018.02.10-13.35.06:406][  0]LogAIModule: Creating AISystem for world Untitled
[2018.02.10-13.35.06:411][  0]LogInit: No audio devices found!
[2018.02.10-13.35.06:462][  0]LogDerivedDataCache: Saved boot cache 0.05s 90MB C:/Users/student/AppData/Local/UnrealEngine/4.16/DerivedDataCache/Boot.ddc.
[2018.02.10-13.35.06:471][  0]LogInit: Texture streaming: Enabled
[2018.02.10-13.35.06:702][  0]LogEngineSessionManager: EngineSessionManager initialized
[2018.02.10-13.35.07:065][  0]LogInit: Transaction tracking system initialized
[2018.02.10-13.35.07:630][  0]BlueprintLog: New page: Editor Load
[2018.02.10-13.35.09:981][  0]LocalizationService: Info Localization service is disabled
[2018.02.10-13.35.11:356][  0]LogConsoleResponse:Display: 
[2018.02.10-13.35.11:573][  0]LogFileCache: Scanning file cache for directory 'D:/Repository/SVANS/Rpg/Content/' took 0.01s
[2018.02.10-13.35.11:573][  0]LogCook:Display: Max memory allowance for cook 16384mb min free memory 0mb
[2018.02.10-13.35.11:573][  0]LogCook:Display: Mobile HDR setting 0
[2018.02.10-13.35.13:886][  0]Cmd: MAP LOAD FILE="../../../Engine/Content/Maps/Templates/Template_Default.umap" TEMPLATE=1 SHOWPROGRESS=1 FEATURELEVEL=3
[2018.02.10-13.35.13:886][  0]LightingResults: New page: Lighting Build
[2018.02.10-13.35.13:927][  0]MapCheck: New page: Map Check
[2018.02.10-13.35.13:927][  0]LightingResults: New page: Lighting Build
[2018.02.10-13.35.14:200][  0]LogAIModule: Creating AISystem for world Untitled_1
[2018.02.10-13.35.14:201][  0]LogActorComponent: RegisterComponentWithWorld: (/Temp/Untitled_1.Untitled_1:PersistentLevel.WorldSettings_1.StaticMeshComponent0) Trying to register component with IsPendingKill() == true. Aborting.
[2018.02.10-13.35.14:207][  0]LogEditorServer: Finished looking for orphan Actors (0.000 secs)
[2018.02.10-13.35.14:241][  0]Cmd: MAP CHECKDEP NOCLEARLOG
[2018.02.10-13.35.14:284][  0]MapCheck: Info Map check complete: 0 Error(s), 0 Warning(s), took 42.836ms to complete.
[2018.02.10-13.35.14:284][  0]LogFileHelpers: Loading map 'Template_Default' took 0.398
[2018.02.10-13.35.14:523][  0]LogCollectionManager: Loaded 0 collections in 0.001303 seconds
[2018.02.10-13.35.14:616][  0]LogFileCache: Scanning file cache for directory 'D:/Repository/SVANS/Rpg/Saved/Collections/' took 0.01s
[2018.02.10-13.35.14:616][  0]LogFileCache: Scanning file cache for directory 'D:/Repository/SVANS/Rpg/Content/Developers/student/Collections/' took 0.01s
[2018.02.10-13.35.14:616][  0]LogFileCache: Scanning file cache for directory 'D:/Repository/SVANS/Rpg/Content/Collections/' took 0.01s
[2018.02.10-13.35.14:616][  0]LogCollectionManager: Rebuilt the GUID cache for 0 collections in 0.000002 seconds
[2018.02.10-13.35.14:627][  0]LogContentBrowser: Native class hierarchy populated in 0.0105 seconds. Added 2329 classes and 491 folders.
[2018.02.10-13.35.14:684][  0]LogContentBrowser: Native class hierarchy updated for 'WidgetCarousel' in 0.0006 seconds. Added 0 classes and 0 folders.
[2018.02.10-13.35.14:724][  0]LogContentBrowser: Native class hierarchy updated for 'AddContentDialog' in 0.0006 seconds. Added 0 classes and 0 folders.
[2018.02.10-13.35.14:857][  0]LogContentBrowser: Native class hierarchy updated for 'SceneOutliner' in 0.0007 seconds. Added 1 classes and 2 folders.
[2018.02.10-13.35.14:932][  0]LogCrashTracker: Crashtracker disabled due to settings.
[2018.02.10-13.35.14:936][  0]LogSlate: Took 0.000205 seconds to synchronously load lazily loaded font '../../../Engine/Content/Slate/Fonts/Roboto-Regular.ttf' (155K)
[2018.02.10-13.35.14:938][  0]LogSlate: Took 0.000189 seconds to synchronously load lazily loaded font '../../../Engine/Content/Slate/Fonts/Roboto-Bold.ttf' (160K)
[2018.02.10-13.35.14:952][  0]LogSlate: Took 0.000203 seconds to synchronously load lazily loaded font '../../../Engine/Content/Editor/Slate/Fonts/FontAwesome.ttf' (139K)
[2018.02.10-13.35.15:065][  0]LogRenderer: Reallocating scene render targets to support 804x540 NumSamples 1 (Frame:1).
[2018.02.10-13.35.15:584][  0]LogUObjectGlobals:Warning: Failed to find object 'Class None.'
[2018.02.10-13.35.15:714][  0]LogContentBrowser: Native class hierarchy updated for 'HierarchicalLODOutliner' in 0.0007 seconds. Added 1 classes and 2 folders.
[2018.02.10-13.35.15:715][  0]LogLoad: (Engine Initialization) Total time: 35.02 seconds
[2018.02.10-13.35.15:715][  0]LogLoad: (Engine Initialization) Total Blueprint compile time: 0.11 seconds
[2018.02.10-13.35.15:715][  0]LogExternalProfiler: No external profilers were discovered.  External profiling features will not be available.
[2018.02.10-13.35.16:054][  0]LogOcInput: OculusInput pre-init called
[2018.02.10-13.35.16:054][  0]LogHMD: Starting GearVRController plugin
[2018.02.10-13.35.16:071][  0]SourceControl: Info On branch SVANS
[2018.02.10-13.35.16:071][  0]SourceControl: Info Your branch is up-to-date with 'origin/SVANS'.
[2018.02.10-13.35.16:071][  0]SourceControl: Info Changes not staged for commit:
[2018.02.10-13.35.16:071][  0]SourceControl: Info   (use "git add <file>..." to update what will be committed)
[2018.02.10-13.35.16:071][  0]SourceControl: Info   (use "git checkout -- <file>..." to discard changes in working directory)
[2018.02.10-13.35.16:071][  0]SourceControl: Info 	modified:   Rpg/Config/DefaultEngine.ini
[2018.02.10-13.35.16:071][  0]SourceControl: Info 	modified:   Rpg/Intermediate/CachedAssetRegistry.bin
[2018.02.10-13.35.16:071][  0]SourceControl: Info 	modified:   Rpg/Intermediate/Config/CoalescedSourceConfigs/Engine.ini
[2018.02.10-13.35.16:071][  0]SourceControl: Info 	modified:   Rpg/Saved/Logs/Rpg.log
[2018.02.10-13.35.16:071][  0]SourceControl: Info Untracked files:
[2018.02.10-13.35.16:071][  0]SourceControl: Info   (use "git add <file>..." to include in what will be committed)
[2018.02.10-13.35.16:071][  0]SourceControl: Info 	Rpg/Saved/Config/CrashReportClient/UE4CC-Windows-526FFF6449E9F43858F6D0BBE912FC06/
[2018.02.10-13.35.16:071][  0]SourceControl: Info 	Rpg/Saved/Logs/Rpg-backup-2018.02.10-16.34.42.log
[2018.02.10-13.35.16:071][  0]SourceControl: Info no changes added to commit (use "git add" and/or "git commit -a")
[2018.02.10-13.35.16:072][  0]LogContentStreaming: Texture pool size now 400 MB
[2018.02.10-13.35.16:085][  0]LogSlate: Took 0.000146 seconds to synchronously load lazily loaded font '../../../Engine/Content/Slate/Fonts/Roboto-Light.ttf' (159K)
[2018.02.10-13.35.16:391][  1]LogAssetRegistry: Asset discovery search completed in 22.3914 seconds
[2018.02.10-13.35.16:393][  1]LogCollectionManager: Rebuilt the object cache for 0 collections in 0.000001 seconds (found 0 objects)
[2018.02.10-13.35.16:393][  1]LogCollectionManager: Fixed up redirectors for 0 collections in 0.000035 seconds (updated 0 objects)
[2018.02.10-13.35.29:277][177]LogSlate: Took 0.000354 seconds to synchronously load lazily loaded font '../../../Engine/Content/Slate/Fonts/Roboto-Light.ttf' (159K)
[2018.02.10-13.35.29:354][177]LogAIModule: Creating AISystem for world Map
[2018.02.10-13.35.29:387][177]Cmd: MAP LOAD FILE="../../../../../../Repository/SVANS/Rpg/Content/Map.umap" TEMPLATE=0 SHOWPROGRESS=1 FEATURELEVEL=3
[2018.02.10-13.35.29:387][177]LightingResults: New page: Lighting Build
[2018.02.10-13.35.29:388][177]LoadErrors: New page: Loading map: Map.umap
[2018.02.10-13.35.29:388][177]MapCheck: New page: Map Check
[2018.02.10-13.35.29:388][177]LightingResults: New page: Lighting Build
[2018.02.10-13.35.29:414][177]LogEditorServer: Finished looking for orphan Actors (0.000 secs)
[2018.02.10-13.35.29:446][177]Cmd: MAP CHECKDEP NOCLEARLOG
[2018.02.10-13.35.29:492][177]MapCheck: Info Map check complete: 0 Error(s), 0 Warning(s), took 46.026ms to complete.
[2018.02.10-13.35.29:492][177]LogFileHelpers: Loading map 'Map' took 0.107
[2018.02.10-13.35.34:180][280]LogEditorViewport: Clicking on Actor (LMB): StaticMeshActor (Floor)
[2018.02.10-13.35.36:852][329]LogEditorViewport: Clicking on Actor (LMB): StaticMeshActor (Floor)
[2018.02.10-13.36.00:123][860]Cmd: BRUSH ADD SELECTNEWBRUSH
[2018.02.10-13.36.09:396][ 58]Cmd: BRUSH ADD SELECTNEWBRUSH
[2018.02.10-13.36.17:470][273]Cmd: OBJ SAVEPACKAGE PACKAGE="/Game/Map" FILE="../../../../../../Repository/SVANS/Rpg/Content/Map.umap" SILENT=true AUTOSAVING=false KEEPDIRTY=false
[2018.02.10-13.36.17:560][273]LogSavePackage: Save=61.90ms
[2018.02.10-13.36.17:560][273]LogSavePackage: Moving '../../../../../../Repository/SVANS/Rpg/Saved/Map4163756F4A06985552F7D4972331AF57.tmp' to '../../../../../../Repository/SVANS/Rpg/Content/Map.umap'
[2018.02.10-13.36.17:594][273]LogSavePackage:Display: Finished SavePackage ../../../../../../Repository/SVANS/Rpg/Content/Map.umap
[2018.02.10-13.36.21:420][355]Cmd: OBJ SAVEPACKAGE PACKAGE="/Game/Map" FILE="../../../../../../Repository/SVANS/Rpg/Content/Map.umap" SILENT=true AUTOSAVING=false KEEPDIRTY=false
[2018.02.10-13.36.21:488][355]LogSavePackage: Save=42.95ms
[2018.02.10-13.36.21:488][355]LogSavePackage: Moving '../../../../../../Repository/SVANS/Rpg/Saved/Map72B53E0946E173E3A22641A3AC22311E.tmp' to '../../../../../../Repository/SVANS/Rpg/Content/Map.umap'
[2018.02.10-13.36.21:520][355]LogSavePackage:Display: Finished SavePackage ../../../../../../Repository/SVANS/Rpg/Content/Map.umap
[2018.02.10-13.36.26:184][555]SourceControl: Info fatal: D:/Софт для студии/Unrial_Engine 4/UE_4.16/Engine/Content/: 'D:/Софт для студии/Unrial_Engine 4/UE_4.16/Engine/Content/' is outside repository
[2018.02.10-13.36.31:618][555]LogSourceControl: FGitCheckInWorker: commit successful
[2018.02.10-13.36.31:706][555]SourceControl: Info [SVANS 5e65420] DODO
[2018.02.10-13.36.31:706][555]SourceControl: Info  Committer: Студент <student@classvivt.loc>
[2018.02.10-13.36.31:706][555]SourceControl: Info Your name and email address were configured automatically based
[2018.02.10-13.36.31:706][555]SourceControl: Info on your username and hostname. Please check that they are accurate.
[2018.02.10-13.36.31:706][555]SourceControl: Info You can suppress this message by setting them explicitly. Run the
[2018.02.10-13.36.31:706][555]SourceControl: Info following command and follow the instructions in your editor to edit
[2018.02.10-13.36.31:706][555]SourceControl: Info your configuration file:
[2018.02.10-13.36.31:706][555]SourceControl: Info     git config --global --edit
[2018.02.10-13.36.31:706][555]SourceControl: Info After doing this, you may fix the identity used for this commit with:
[2018.02.10-13.36.31:706][555]SourceControl: Info     git commit --amend --reset-author
[2018.02.10-13.36.31:706][555]SourceControl: Info  1 file changed, 0 insertions(+), 0 deletions(-)
[2018.02.10-13.36.31:709][555]SourceControl: Info Commited [SVANS 5e65420] DODO.
