Log file open, 02/10/18 17:33:42
LogInit:Display: Running engine for game: Rpg
LogPlatformFile: Not using cached read wrapper
LogInit:Display: RandInit(-1398399464) SRandInit(-1398399464).
LogTaskGraph: Started task graph with 5 named threads and 6 total threads with 1 sets of task threads.
LogStats: Stats thread started at 0.147214
LogInit: Using libcurl 7.47.1
LogInit:  - built for x86_64-pc-win32
LogInit:  - supports SSL with OpenSSL/1.0.2g
LogInit:  - supports HTTP deflate (compression) using libz 1.2.8
LogInit:  - other features:
LogInit:      CURL_VERSION_SSL
LogInit:      CURL_VERSION_LIBZ
LogInit:      CURL_VERSION_IPV6
LogInit:      CURL_VERSION_ASYNCHDNS
LogInit:      CURL_VERSION_LARGEFILE
LogInit:      CURL_VERSION_IDN
LogInit:  CurlRequestOptions (configurable via config and command line):
LogInit:  - bVerifyPeer = false  - Libcurl will NOT verify peer certificate
LogInit:  - bUseHttpProxy = true  - Libcurl will use HTTP proxy
LogInit:  - HttpProxyAddress = '192.168.3.253:8080'
LogInit:  - bDontReuseConnections = false  - Libcurl will reuse connections
LogInit:  - CertBundlePath = nullptr  - Libcurl will use whatever was configured at build time.
LogInit: Build: ++UE4+Release-4.16-CL-3561208
LogInit: Engine Version: 4.16.3-3561208+++UE4+Release-4.16
LogInit: Compatible Engine Version: 4.16.0-3452394+++UE4+Release-4.16
LogInit: Net CL: 3452394
LogDevObjectVersion: Number of dev versions registered: 16
LogDevObjectVersion:   Dev-Blueprints (B0D832E4-1F89-4F0D-ACCF-7EB736FD4AA2): 9
LogDevObjectVersion:   Dev-Build (E1C64328-A22C-4D53-A36C-8E866417BD8C): 0
LogDevObjectVersion:   Dev-Core (375EC13C-06E4-48FB-B500-84F0262A717E): 2
LogDevObjectVersion:   Dev-Editor (E4B068ED-F494-42E9-A231-DA0B2E46BB41): 17
LogDevObjectVersion:   Dev-Framework (CFFC743F-43B0-4480-9391-14DF171D2073): 23
LogDevObjectVersion:   Dev-Mobile (B02B49B5-BB20-44E9-A304-32B752E40360): 0
LogDevObjectVersion:   Dev-Networking (A4E4105C-59A1-49B5-A7C5-40C4547EDFEE): 0
LogDevObjectVersion:   Dev-Online (39C831C9-5AE6-47DC-9A44-9C173E1C8E7C): 0
LogDevObjectVersion:   Dev-Physics (78F01B33-EBEA-4F98-B9B4-84EACCB95AA2): 0
LogDevObjectVersion:   Dev-Platform (6631380F-2D4D-43E0-8009-CF276956A95A): 0
LogDevObjectVersion:   Dev-Rendering (12F88B9F-8875-4AFC-A67C-D90C383ABD29): 15
LogDevObjectVersion:   Dev-Sequencer (7B5AE74C-D270-4C10-A958-57980B212A5A): 4
LogDevObjectVersion:   Dev-VR (D7296918-1DD6-4BDD-9DE2-64A83CC13884): 0
LogDevObjectVersion:   Dev-LoadTimes (C2A15278-BFE7-4AFE-6C17-90FF531DF755): 1
LogDevObjectVersion:   Private-Geometry (6EACA3D4-40EC-4CC1-B786-8BED09428FC5): 1
LogDevObjectVersion:   Dev-AnimPhys (29E575DD-E0A3-4627-9D10-D276232CDCEA): 3
LogInit: Compiled (64-bit): Jul 28 2017 11:49:47
LogInit: Compiled with Visual C++: 19.00.24215.01
LogInit: Build Configuration: Development
LogInit: Branch Name: ++UE4+Release-4.16
LogInit: Command line:  
LogInit: Base directory: D:/Софт для студии/Unrial_Engine 4/UE_4.16/Engine/Binaries/Win64/
LogInit: Installed Engine Build: 1
LogInit: Presizing for max 8388607 objects, including 0 objects not considered by GC, pre-allocating 0 bytes for permanent pool.
LogInit: Object subsystem initialized
[2018.02.10-14.33.43:140][  0]LogInit: Selected Device Profile: [Windows]
[2018.02.10-14.33.43:140][  0]LogInit: Applying CVar settings loaded from the selected device profile: [Windows]
[2018.02.10-14.33.43:149][  0]LogInit: Computer: CLASS602-09
[2018.02.10-14.33.43:149][  0]LogInit: User: student
[2018.02.10-14.33.43:149][  0]LogInit: CPU Page size=4096, Cores=2
[2018.02.10-14.33.43:149][  0]LogInit: High frequency timer resolution =3.222682 MHz
[2018.02.10-14.33.43:149][  0]LogMemory: Memory total: Physical=11.7GB (12GB approx)
[2018.02.10-14.33.43:149][  0]LogMemory: Platform Memory Stats for Windows
[2018.02.10-14.33.43:149][  0]LogMemory: Process Physical Memory: 270.40 MB used, 270.40 MB peak
[2018.02.10-14.33.43:149][  0]LogMemory: Process Virtual Memory: 266.36 MB used, 266.36 MB peak
[2018.02.10-14.33.43:149][  0]LogMemory: Physical Memory: 5020.03 MB used,  6959.74 MB free, 11979.77 MB total
[2018.02.10-14.33.43:149][  0]LogMemory: Virtual Memory: 624.36 MB used,  6959.74 MB free, 134217728.00 MB total
[2018.02.10-14.33.44:068][  0]LogInit: Using OS detected language (ru-RU).
[2018.02.10-14.33.44:068][  0]LogInit: Using OS detected locale (ru-RU).
[2018.02.10-14.33.44:074][  0]LogTextLocalizationManager: No localization for 'ru-RU' exists, so 'en' will be used for the language.
[2018.02.10-14.33.44:074][  0]LogTextLocalizationManager: No localization for 'ru-RU' exists, so 'en' will be used for the locale.
[2018.02.10-14.33.45:186][  0]LogD3D11RHI: D3D11 adapters:
[2018.02.10-14.33.45:190][  0]LogD3D11RHI:    0. 'Intel(R) HD Graphics' (Feature Level 11_0)
[2018.02.10-14.33.45:190][  0]LogD3D11RHI:       224/0/1568 MB DedicatedVideo/DedicatedSystem/SharedSystem, Outputs:1, VendorId:0x8086
[2018.02.10-14.33.45:191][  0]LogD3D11RHI:    1. 'Microsoft Basic Render Driver' (Feature Level 11_0)
[2018.02.10-14.33.45:191][  0]LogD3D11RHI:       0/0/256 MB DedicatedVideo/DedicatedSystem/SharedSystem, Outputs:0, VendorId:0x1414
[2018.02.10-14.33.45:191][  0]LogD3D11RHI: Chosen D3D11 Adapter: 0
[2018.02.10-14.33.45:195][  0]LogD3D11RHI: Creating new Direct3DDevice
[2018.02.10-14.33.45:195][  0]LogD3D11RHI:     GPU DeviceId: 0x152 (for the marketing name, search the web for "GPU Device Id")
[2018.02.10-14.33.45:195][  0]LogWindows: EnumDisplayDevices:
[2018.02.10-14.33.45:195][  0]LogWindows:    0. 'Intel(R) HD Graphics' (P:1 D:1)
[2018.02.10-14.33.45:195][  0]LogWindows:    1. 'Intel(R) HD Graphics' (P:0 D:0)
[2018.02.10-14.33.45:195][  0]LogWindows: DebugString: FoundDriverCount:2 
[2018.02.10-14.33.45:195][  0]LogD3D11RHI:     Adapter Name: Intel(R) HD Graphics
[2018.02.10-14.33.45:195][  0]LogD3D11RHI:   Driver Version: 10.18.10.4276 (internal:10.18.10.4276, unified:10.18.10.4276)
[2018.02.10-14.33.45:195][  0]LogD3D11RHI:      Driver Date: 8-17-2015
[2018.02.10-14.33.45:196][  0]LogRHI: Texture pool is 705 MB (70% of 1008 MB)
[2018.02.10-14.33.45:198][  0]LogD3D11RHI: Async texture creation enabled
[2018.02.10-14.33.45:204][  0]LogD3D11RHI: GPU Timing Frequency: 12.500000 (Debug: 2 0)
[2018.02.10-14.33.45:204][  0]LogShaderCompilers: Guid format shader working directory is 10 characters bigger than the processId version (../../../../../../Repository/SVANS/Rpg/Intermediate/Shaders/WorkingDirectory/4568/).
[2018.02.10-14.33.45:205][  0]LogShaderCompilers: Cleaned the shader compiler working directory 'C:/Users/student/AppData/Local/Temp/UnrealShaderWorkingDir/FA122EA447A12A78CFA7899FD25D4901/'.
[2018.02.10-14.33.45:205][  0]LogShaderCompilers:Display: Using Local Shader Compiler.
[2018.02.10-14.33.46:594][  0]LogTemp:Display: Loaded TP AllDesktopTargetPlatform
[2018.02.10-14.33.46:674][  0]LogTemp:Display: Loaded TP MacClientTargetPlatform
[2018.02.10-14.33.46:755][  0]LogTemp:Display: Loaded TP MacNoEditorTargetPlatform
[2018.02.10-14.33.46:839][  0]LogTemp:Display: Loaded TP MacServerTargetPlatform
[2018.02.10-14.33.46:925][  0]LogTemp:Display: Loaded TP MacTargetPlatform
[2018.02.10-14.33.47:006][  0]LogTemp:Display: Loaded TP WindowsClientTargetPlatform
[2018.02.10-14.33.47:088][  0]LogTemp:Display: Loaded TP WindowsNoEditorTargetPlatform
[2018.02.10-14.33.47:170][  0]LogTemp:Display: Loaded TP WindowsServerTargetPlatform
[2018.02.10-14.33.47:250][  0]LogTemp:Display: Loaded TP WindowsTargetPlatform
[2018.02.10-14.33.47:340][  0]LogTemp:Display: Loaded TP AndroidTargetPlatform
[2018.02.10-14.33.47:428][  0]LogTemp:Display: Loaded TP Android_ASTCTargetPlatform
[2018.02.10-14.33.47:514][  0]LogTemp:Display: Loaded TP Android_ATCTargetPlatform
[2018.02.10-14.33.47:602][  0]LogTemp:Display: Loaded TP Android_DXTTargetPlatform
[2018.02.10-14.33.47:688][  0]LogTemp:Display: Loaded TP Android_ETC1TargetPlatform
[2018.02.10-14.33.47:774][  0]LogTemp:Display: Loaded TP Android_ETC2TargetPlatform
[2018.02.10-14.33.47:948][  0]LogTemp:Display: Loaded TP Android_MultiTargetPlatform
[2018.02.10-14.33.47:948][  0]LogTemp:Display: Loaded TP Android_PVRTCTargetPlatform
[2018.02.10-14.33.48:018][  0]LogTemp:Display: Loaded TP HTML5TargetPlatform
[2018.02.10-14.33.48:226][  0]LogTemp:Display: Loaded TP IOSTargetPlatform
[2018.02.10-14.33.48:283][  0]LogTemp:Display: Loaded TP TVOSTargetPlatform
[2018.02.10-14.33.48:366][  0]LogTemp:Display: Loaded TP LinuxClientTargetPlatform
[2018.02.10-14.33.48:449][  0]LogTemp:Display: Loaded TP LinuxNoEditorTargetPlatform
[2018.02.10-14.33.48:531][  0]LogTemp:Display: Loaded TP LinuxServerTargetPlatform
[2018.02.10-14.33.48:618][  0]LogTemp:Display: Loaded TP LinuxTargetPlatform
[2018.02.10-14.33.48:618][  0]LogTargetPlatformManager:Display: Building Assets For Windows
[2018.02.10-14.33.50:338][  0]LogDerivedDataCache:Display: Max Cache Size: 512 MB
[2018.02.10-14.33.50:459][  0]LogDerivedDataCache: Loaded boot cache 0.12s 90MB C:/Users/student/AppData/Local/UnrealEngine/4.16/DerivedDataCache/Boot.ddc.
[2018.02.10-14.33.50:459][  0]LogDerivedDataCache:Display: Loaded Boot cache: C:/Users/student/AppData/Local/UnrealEngine/4.16/DerivedDataCache/Boot.ddc
[2018.02.10-14.33.50:459][  0]LogDerivedDataCache: FDerivedDataBackendGraph:  Pak pak cache file ../../../../../../Repository/SVANS/Rpg/DerivedDataCache/DDC.ddp not found, will not use a pak cache.
[2018.02.10-14.33.50:459][  0]LogDerivedDataCache: Unable to find inner node Pak for hierarchical cache Hierarchy.
[2018.02.10-14.33.50:459][  0]LogDerivedDataCache: FDerivedDataBackendGraph:  CompressedPak pak cache file ../../../../../../Repository/SVANS/Rpg/DerivedDataCache/Compressed.ddp not found, will not use a pak cache.
[2018.02.10-14.33.50:459][  0]LogDerivedDataCache: Unable to find inner node CompressedPak for hierarchical cache Hierarchy.
[2018.02.10-14.33.50:480][  0]LogDerivedDataCache:Display: Pak cache opened for reading ../../../Engine/DerivedDataCache/Compressed.ddp.
[2018.02.10-14.33.50:494][  0]LogDerivedDataCache: Using Local data cache path C:/Users/student/AppData/Local/UnrealEngine/Common/DerivedDataCache: Writable
[2018.02.10-14.33.50:506][  0]LogMaterial: Verifying Global Shaders for PCD3D_SM5
[2018.02.10-14.33.50:507][  0]LogSlate: Using Freetype 2.6.0
[2018.02.10-14.33.50:507][  0]LogSlate: SlateFontCache - WITH_FREETYPE: 1, WITH_HARFBUZZ: 1
[2018.02.10-14.33.50:507][  0]LogSlate: SlateFontCache - WITH_FREETYPE: 1, WITH_HARFBUZZ: 1
[2018.02.10-14.33.50:919][  0]LogInit: Selected Device Profile: [Windows]
[2018.02.10-14.33.51:049][  0]LogContentStreaming: Texture pool size is 0.00 MB
[2018.02.10-14.33.51:568][  0]LogMeshUtilities: Using QuadricMeshReduction for automatic static mesh reduction
[2018.02.10-14.33.51:668][  0]LogSimplygon: Simplygon DLL not present - disabling.
[2018.02.10-14.33.51:781][  0]LogMeshUtilities: Using SimplygonSwarm for distributed automatic mesh merging
[2018.02.10-14.33.51:781][  0]LogMeshUtilities: No automatic skeletal mesh reduction module available
[2018.02.10-14.33.51:781][  0]LogMeshUtilities: No automatic mesh merging module available
[2018.02.10-14.33.52:550][  0]LogNetVersion: Rpg , NetCL: 3452394, EngineNetVer: 2, GameNetVer: 0 (Checksum: 2515200283)
[2018.02.10-14.33.52:617][  0]LogAssetRegistry: FAssetRegistry took 0.0276 seconds to start up
[2018.02.10-14.33.52:671][  0]LogPackageLocalizationCache: Processed 4 localized package path(s) for 1 prioritized culture(s) in 0.022168 seconds
[2018.02.10-14.33.52:680][  0]LogUObjectArray: 34194 objects as part of root set at end of initial load.
[2018.02.10-14.33.52:680][  0]LogUObjectAllocator: 7260416 out of 0 bytes used by permanent object pool.
[2018.02.10-14.33.52:680][  0]LogUObjectArray: CloseDisregardForGC: 0/0 objects in disregard for GC pool
[2018.02.10-14.33.52:781][  0]LogInit: WinSock: version 1.1 (2.2), MaxSocks=32767, MaxUdp=65467
[2018.02.10-14.33.57:899][  0]LogTcpMessaging: Initializing TcpMessaging bridge
[2018.02.10-14.33.57:995][  0]LogUdpMessaging: Initializing bridge on interface 0.0.0.0:0 to multicast group 230.0.0.1:6666.
[2018.02.10-14.33.59:188][  0]LogMaterial: Uniform references updated for custom material expression Custom.
[2018.02.10-14.33.59:834][  0]SourceControl: Info Source control is disabled
[2018.02.10-14.34.03:386][  0]LogAndroidPermission: UAndroidPermissionCallbackProxy::GetInstance
[2018.02.10-14.34.04:610][  0]LogEngine: Initializing Engine...
[2018.02.10-14.34.04:611][  0]LogHMD: Failed to initialize OpenVR with code 110
[2018.02.10-14.34.04:869][  0]LogStats: UGameplayTagsManager::ConstructGameplayTagTree: Construct from data asset -  0.000 s
[2018.02.10-14.34.04:869][  0]LogStats: UGameplayTagsManager::ConstructGameplayTagTree: GameplayTagTreeChangedEvent.Broadcast -  0.000 s
[2018.02.10-14.34.05:178][  0]LogAIModule: Creating AISystem for world Untitled
[2018.02.10-14.34.05:183][  0]LogInit: No audio devices found!
[2018.02.10-14.34.05:237][  0]LogDerivedDataCache: Saved boot cache 0.05s 90MB C:/Users/student/AppData/Local/UnrealEngine/4.16/DerivedDataCache/Boot.ddc.
[2018.02.10-14.34.05:249][  0]LogInit: Texture streaming: Enabled
[2018.02.10-14.34.05:482][  0]LogEngineSessionManager: EngineSessionManager initialized
[2018.02.10-14.34.05:872][  0]LogInit: Transaction tracking system initialized
[2018.02.10-14.34.06:421][  0]BlueprintLog: New page: Editor Load
[2018.02.10-14.34.08:721][  0]LocalizationService: Info Localization service is disabled
[2018.02.10-14.34.10:143][  0]LogConsoleResponse:Display: 
[2018.02.10-14.34.10:361][  0]LogCook:Display: Max memory allowance for cook 16384mb min free memory 0mb
[2018.02.10-14.34.10:361][  0]LogCook:Display: Mobile HDR setting 0
[2018.02.10-14.34.10:864][  0]LogFileCache: Scanning file cache for directory 'D:/Repository/SVANS/Rpg/Content/' took 0.01s
[2018.02.10-14.34.12:771][  0]Cmd: MAP LOAD FILE="../../../Engine/Content/Maps/Templates/Template_Default.umap" TEMPLATE=1 SHOWPROGRESS=1 FEATURELEVEL=3
[2018.02.10-14.34.12:771][  0]LightingResults: New page: Lighting Build
[2018.02.10-14.34.12:812][  0]MapCheck: New page: Map Check
[2018.02.10-14.34.12:812][  0]LightingResults: New page: Lighting Build
[2018.02.10-14.34.13:099][  0]LogAIModule: Creating AISystem for world Untitled_1
[2018.02.10-14.34.13:100][  0]LogActorComponent: RegisterComponentWithWorld: (/Temp/Untitled_1.Untitled_1:PersistentLevel.WorldSettings_1.StaticMeshComponent0) Trying to register component with IsPendingKill() == true. Aborting.
[2018.02.10-14.34.13:106][  0]LogEditorServer: Finished looking for orphan Actors (0.000 secs)
[2018.02.10-14.34.13:143][  0]Cmd: MAP CHECKDEP NOCLEARLOG
[2018.02.10-14.34.13:188][  0]MapCheck: Info Map check complete: 0 Error(s), 0 Warning(s), took 45.086ms to complete.
[2018.02.10-14.34.13:188][  0]LogFileHelpers: Loading map 'Template_Default' took 0.417
[2018.02.10-14.34.13:244][  0]LogWindowsTextInputMethodSystem:Display: IME system now deactivated.
[2018.02.10-14.34.13:457][  0]LogCollectionManager: Loaded 0 collections in 0.001596 seconds
[2018.02.10-14.34.13:554][  0]LogFileCache: Scanning file cache for directory 'D:/Repository/SVANS/Rpg/Saved/Collections/' took 0.01s
[2018.02.10-14.34.13:554][  0]LogFileCache: Scanning file cache for directory 'D:/Repository/SVANS/Rpg/Content/Developers/student/Collections/' took 0.01s
[2018.02.10-14.34.13:554][  0]LogFileCache: Scanning file cache for directory 'D:/Repository/SVANS/Rpg/Content/Collections/' took 0.01s
[2018.02.10-14.34.13:554][  0]LogCollectionManager: Rebuilt the GUID cache for 0 collections in 0.000002 seconds
[2018.02.10-14.34.13:573][  0]LogContentBrowser: Native class hierarchy populated in 0.0187 seconds. Added 2329 classes and 491 folders.
[2018.02.10-14.34.13:670][  0]LogContentBrowser: Native class hierarchy updated for 'WidgetCarousel' in 0.0009 seconds. Added 0 classes and 0 folders.
[2018.02.10-14.34.13:728][  0]LogContentBrowser: Native class hierarchy updated for 'AddContentDialog' in 0.0008 seconds. Added 0 classes and 0 folders.
[2018.02.10-14.34.13:905][  0]LogContentBrowser: Native class hierarchy updated for 'SceneOutliner' in 0.0007 seconds. Added 1 classes and 2 folders.
[2018.02.10-14.34.14:003][  0]LogCrashTracker: Crashtracker disabled due to settings.
[2018.02.10-14.34.14:007][  0]LogSlate: Took 0.000206 seconds to synchronously load lazily loaded font '../../../Engine/Content/Slate/Fonts/Roboto-Regular.ttf' (155K)
[2018.02.10-14.34.14:010][  0]LogSlate: Took 0.000218 seconds to synchronously load lazily loaded font '../../../Engine/Content/Slate/Fonts/Roboto-Bold.ttf' (160K)
[2018.02.10-14.34.14:017][  0]LogSlate: Took 0.000217 seconds to synchronously load lazily loaded font '../../../Engine/Content/Editor/Slate/Fonts/FontAwesome.ttf' (139K)
[2018.02.10-14.34.14:174][  0]LogRenderer: Reallocating scene render targets to support 804x540 NumSamples 1 (Frame:1).
[2018.02.10-14.34.14:861][  0]LogUObjectGlobals:Warning: Failed to find object 'Class None.'
[2018.02.10-14.34.15:017][  0]LogContentBrowser: Native class hierarchy updated for 'HierarchicalLODOutliner' in 0.0010 seconds. Added 1 classes and 2 folders.
[2018.02.10-14.34.15:017][  0]LogLoad: (Engine Initialization) Total time: 34.77 seconds
[2018.02.10-14.34.15:017][  0]LogLoad: (Engine Initialization) Total Blueprint compile time: 0.11 seconds
[2018.02.10-14.34.15:017][  0]LogExternalProfiler: No external profilers were discovered.  External profiling features will not be available.
[2018.02.10-14.34.15:027][  0]LogOcInput: OculusInput pre-init called
[2018.02.10-14.34.15:027][  0]LogHMD: Starting GearVRController plugin
[2018.02.10-14.34.15:044][  0]SourceControl: Info On branch SVANS
[2018.02.10-14.34.15:044][  0]SourceControl: Info Your branch is up-to-date with 'origin/SVANS'.
[2018.02.10-14.34.15:044][  0]SourceControl: Info Changes not staged for commit:
[2018.02.10-14.34.15:045][  0]SourceControl: Info   (use "git add <file>..." to update what will be committed)
[2018.02.10-14.34.15:045][  0]SourceControl: Info   (use "git checkout -- <file>..." to discard changes in working directory)
[2018.02.10-14.34.15:045][  0]SourceControl: Info 	modified:   Rpg/Intermediate/CachedAssetRegistry.bin
[2018.02.10-14.34.15:045][  0]SourceControl: Info 	modified:   Rpg/Saved/Logs/Rpg.log
[2018.02.10-14.34.15:045][  0]SourceControl: Info Untracked files:
[2018.02.10-14.34.15:045][  0]SourceControl: Info   (use "git add <file>..." to include in what will be committed)
[2018.02.10-14.34.15:045][  0]SourceControl: Info 	Rpg/Saved/Config/CrashReportClient/UE4CC-Windows-6211C5164992DC3AB7937989A3E2BE63/
[2018.02.10-14.34.15:045][  0]SourceControl: Info 	Rpg/Saved/Logs/Rpg-backup-2018.02.10-17.33.42.log
[2018.02.10-14.34.15:045][  0]SourceControl: Info no changes added to commit (use "git add" and/or "git commit -a")
[2018.02.10-14.34.15:045][  0]LogContentStreaming: Texture pool size now 400 MB
[2018.02.10-14.34.15:062][  0]LogSlate: Took 0.000201 seconds to synchronously load lazily loaded font '../../../Engine/Content/Slate/Fonts/Roboto-Light.ttf' (159K)
[2018.02.10-14.34.15:092][  1]LogAssetRegistry: Asset discovery search completed in 22.4988 seconds
[2018.02.10-14.34.15:095][  1]LogCollectionManager: Rebuilt the object cache for 0 collections in 0.000002 seconds (found 0 objects)
[2018.02.10-14.34.15:095][  1]LogCollectionManager: Fixed up redirectors for 0 collections in 0.000053 seconds (updated 0 objects)
[2018.02.10-14.34.33:703][347]LogSlate: Took 0.000232 seconds to synchronously load lazily loaded font '../../../Engine/Content/Slate/Fonts/Roboto-Light.ttf' (159K)
[2018.02.10-14.34.33:780][347]LogTexture:Display: Building textures: HQ_Lightmap1_1 (AutoDXT, 256X256)
[2018.02.10-14.34.33:785][347]LogTexture:Display: Building textures: HQ_Lightmap1_2 (AutoDXT, 64X64)
[2018.02.10-14.34.33:786][347]LogTexture:Display: Building textures: LQ_Lightmap_1_1 (DXT1, 256X256)
[2018.02.10-14.34.33:790][347]LogTexture:Display: Building textures: LQ_Lightmap_1_2 (DXT1, 64X64)
[2018.02.10-14.34.33:790][347]LogTexture:Display: Building textures: ShadowMapTexture2D_3 (G8, 128X128)
[2018.02.10-14.34.33:791][347]LogTexture:Display: Building textures: ShadowMapTexture2D_4 (G8, 32X32)
[2018.02.10-14.34.33:792][347]LogAIModule: Creating AISystem for world Map
[2018.02.10-14.34.33:830][347]Cmd: MAP LOAD FILE="../../../../../../Repository/SVANS/Rpg/Content/Map.umap" TEMPLATE=0 SHOWPROGRESS=1 FEATURELEVEL=3
[2018.02.10-14.34.33:830][347]LightingResults: New page: Lighting Build
[2018.02.10-14.34.33:831][347]LoadErrors: New page: Loading map: Map.umap
[2018.02.10-14.34.33:832][347]MapCheck: New page: Map Check
[2018.02.10-14.34.33:832][347]LightingResults: New page: Lighting Build
[2018.02.10-14.34.33:864][347]LogEditorServer: Finished looking for orphan Actors (0.000 secs)
[2018.02.10-14.34.33:893][347]Cmd: MAP CHECKDEP NOCLEARLOG
[2018.02.10-14.34.33:940][347]MapCheck: Info Map check complete: 0 Error(s), 0 Warning(s), took 46.818ms to complete.
[2018.02.10-14.34.33:940][347]LogFileHelpers: Loading map 'Map' took 0.111
[2018.02.10-14.34.38:478][430]LogLinker:Warning: Can't find file '/Game/Материал'
[2018.02.10-14.34.38:478][430]LogLinker:Warning: Can't find file for asset '/Game/Материал' while loading ../../../../../../Repository/SVANS/Rpg/Content/Болт.uasset.
[2018.02.10-14.34.38:478][430]LoadErrors:Error: Error /Game/Болт : Can't find file for asset. /Game/Материал
[2018.02.10-14.34.38:478][430]LogLinker:Warning: Can't find file '/Game/Материал'
[2018.02.10-14.34.38:478][430]LogLinker:Warning: Can't find file for asset '/Game/Материал' while loading ../../../../../../Repository/SVANS/Rpg/Content/Болт.uasset.
[2018.02.10-14.34.38:481][430]LogLinker:Warning: Can't find file '/Game/Материал'
[2018.02.10-14.34.38:481][430]LoadErrors: Info Failed to load /Game/Материал.Материал Referenced by Болт
[2018.02.10-14.34.38:481][430]LogLinker:Warning: Can't find file for asset '/Game/Материал' while loading NULL.
[2018.02.10-14.34.38:481][430]LogStaticMesh: Building static mesh Болт...
[2018.02.10-14.34.38:490][430]LogStaticMesh: Built static mesh [0.01s] /Game/Болт.Болт
[2018.02.10-14.34.40:848][430]SourceControl: Info rm 'Rpg/Content/Болт.uasset'
[2018.02.10-14.34.42:295][459]LogLinker:Warning: Can't find file '/Game/Материал'
[2018.02.10-14.34.42:295][459]LogLinker:Warning: Can't find file for asset '/Game/Материал' while loading ../../../../../../Repository/SVANS/Rpg/Content/Винтовочка.uasset.
[2018.02.10-14.34.42:295][459]LoadErrors:Error: Error /Game/Винтовочка : Can't find file for asset. /Game/Материал
[2018.02.10-14.34.42:295][459]LogLinker:Warning: Can't find file '/Game/Материал'
[2018.02.10-14.34.42:295][459]LogLinker:Warning: Can't find file for asset '/Game/Материал' while loading ../../../../../../Repository/SVANS/Rpg/Content/Винтовочка.uasset.
[2018.02.10-14.34.42:298][459]LogLinker:Warning: Can't find file '/Game/Материал'
[2018.02.10-14.34.42:298][459]LoadErrors: Info Failed to load /Game/Материал.Материал Referenced by Винтовочка
[2018.02.10-14.34.42:298][459]LogLinker:Warning: Can't find file for asset '/Game/Материал' while loading NULL.
[2018.02.10-14.34.42:298][459]LogStaticMesh: Building static mesh Винтовочка...
[2018.02.10-14.34.42:307][459]LogStaticMesh: Built static mesh [0.01s] /Game/Винтовочка.Винтовочка
[2018.02.10-14.34.44:632][459]SourceControl: Info rm 'Rpg/Content/Винтовочка.uasset'
[2018.02.10-14.34.47:209][548]SourceControl: Info fatal: D:/Софт для студии/Unrial_Engine 4/UE_4.16/Engine/Content/: 'D:/Софт для студии/Unrial_Engine 4/UE_4.16/Engine/Content/' is outside repository
[2018.02.10-14.34.47:344][548]EditorErrors:Warning: Warning No assets to check in!
[2018.02.10-14.35.23:829][771]Cmd: MAP LOAD FILE="../../../../../../Repository/SVANS/Rpg/Content/Map.umap" TEMPLATE=0 SHOWPROGRESS=1 FEATURELEVEL=3
[2018.02.10-14.35.23:829][771]LightingResults: New page: Lighting Build
[2018.02.10-14.35.23:830][771]LoadErrors: New page: Loading map: Map.umap
[2018.02.10-14.35.23:845][771]MapCheck: New page: Map Check
[2018.02.10-14.35.23:845][771]LightingResults: New page: Lighting Build
[2018.02.10-14.35.23:882][771]LogAIModule: Creating AISystem for world Map
[2018.02.10-14.35.23:886][771]LogEditorServer: Finished looking for orphan Actors (0.000 secs)
[2018.02.10-14.35.23:918][771]Cmd: MAP CHECKDEP NOCLEARLOG
[2018.02.10-14.35.23:965][771]MapCheck: Info Map check complete: 0 Error(s), 0 Warning(s), took 47.321ms to complete.
[2018.02.10-14.35.23:966][771]LogFileHelpers: Loading map 'Map' took 0.138
[2018.02.10-14.35.39:961][ 62]LogRenderer: Reallocating scene render targets to support 804x868 NumSamples 1 (Frame:298).
[2018.02.10-14.35.51:358][380]LogRenderer: Reallocating scene render targets to support 1016x868 NumSamples 1 (Frame:393).
[2018.02.10-14.35.59:188][546]LogActorFactory: Actor Factory created Cylinder
[2018.02.10-14.36.00:152][557]LogActorFactory: Actor Factory created Cylinder
[2018.02.10-14.36.40:935][336]Cmd: OBJ SAVEPACKAGE PACKAGE="/Game/Map" FILE="../../../../../../Repository/SVANS/Rpg/Content/Map.umap" SILENT=true AUTOSAVING=false KEEPDIRTY=false
[2018.02.10-14.36.40:984][336]LogSavePackage: Save=24.27ms
[2018.02.10-14.36.40:984][336]LogSavePackage: Moving '../../../../../../Repository/SVANS/Rpg/Saved/Map707EDFD0461F2A9522372399F7EA36ED.tmp' to '../../../../../../Repository/SVANS/Rpg/Content/Map.umap'
[2018.02.10-14.36.40:989][336]LogSavePackage:Display: Finished SavePackage ../../../../../../Repository/SVANS/Rpg/Content/Map.umap
[2018.02.10-14.36.41:000][336]LogFileHelpers: Saving map 'Map' took 0.112
[2018.02.10-14.36.45:599][387]LogEditorViewport: Clicking on Actor (LMB): StaticMeshActor (Cylinder)
[2018.02.10-14.36.46:049][391]LogEditorViewport: Clicking on Actor (LMB): StaticMeshActor (Floor)
[2018.02.10-14.36.46:737][397]LogEditorViewport: Clicking on Actor (LMB): StaticMeshActor (Cylinder)
[2018.02.10-14.36.47:249][403]Cmd: DELETE
[2018.02.10-14.36.47:249][403]Cmd: ACTOR DELETE
[2018.02.10-14.36.47:250][403]LogEditorActor: Deleted Actor: StaticMeshActor
[2018.02.10-14.36.47:274][403]LogEditorActor: Deleted 1 Actors (0.025 secs)
[2018.02.10-14.36.49:897][457]Cmd: OBJ SAVEPACKAGE PACKAGE="/Game/Map" FILE="../../../../../../Repository/SVANS/Rpg/Content/Map.umap" SILENT=true AUTOSAVING=false KEEPDIRTY=false
[2018.02.10-14.36.49:945][457]LogSavePackage: Save=22.63ms
[2018.02.10-14.36.49:945][457]LogSavePackage: Moving '../../../../../../Repository/SVANS/Rpg/Saved/Map4C64602F42227A09F01205AFF1FB02B4.tmp' to '../../../../../../Repository/SVANS/Rpg/Content/Map.umap'
[2018.02.10-14.36.49:951][457]LogSavePackage:Display: Finished SavePackage ../../../../../../Repository/SVANS/Rpg/Content/Map.umap
[2018.02.10-14.36.49:960][457]LogFileHelpers: Saving map 'Map' took 0.108
[2018.02.10-14.36.52:759][542]SourceControl: Info fatal: D:/Софт для студии/Unrial_Engine 4/UE_4.16/Engine/Content/: 'D:/Софт для студии/Unrial_Engine 4/UE_4.16/Engine/Content/' is outside repository
[2018.02.10-14.37.22:626][774]SourceControl: Info fatal: D:/Софт для студии/Unrial_Engine 4/UE_4.16/Engine/Content/: 'D:/Софт для студии/Unrial_Engine 4/UE_4.16/Engine/Content/' is outside repository
[2018.02.10-14.37.25:590][786]Cmd: OBJ SAVEPACKAGE PACKAGE="/Game/Map" FILE="../../../../../../Repository/SVANS/Rpg/Content/Map.umap" SILENT=true AUTOSAVING=false KEEPDIRTY=false
[2018.02.10-14.37.25:640][786]LogSavePackage: Save=22.61ms
[2018.02.10-14.37.25:640][786]LogSavePackage: Moving '../../../../../../Repository/SVANS/Rpg/Saved/Map5AB6C151476BB49B79B6ECB5042648F3.tmp' to '../../../../../../Repository/SVANS/Rpg/Content/Map.umap'
[2018.02.10-14.37.25:644][786]LogSavePackage:Display: Finished SavePackage ../../../../../../Repository/SVANS/Rpg/Content/Map.umap
[2018.02.10-14.37.25:748][786]Cmd: OBJ SAVEPACKAGE PACKAGE="/Game/Map_BuiltData" FILE="../../../../../../Repository/SVANS/Rpg/Content/Map_BuiltData.uasset" SILENT=true
[2018.02.10-14.37.25:765][786]LogSavePackage: Save=13.35ms
[2018.02.10-14.37.25:765][786]LogSavePackage: Moving '../../../../../../Repository/SVANS/Rpg/Saved/Map_BuiltDataBBFB965F403B4839E1B03595C27D710E.tmp' to '../../../../../../Repository/SVANS/Rpg/Content/Map_BuiltData.uasset'
[2018.02.10-14.37.25:769][786]LogSavePackage:Display: Finished SavePackage ../../../../../../Repository/SVANS/Rpg/Content/Map_BuiltData.uasset
